{"C:\\WWWR00T\\test\\pre-experto\\backend\\tests\\before.js":{"path":"C:\\WWWR00T\\test\\pre-experto\\backend\\tests\\before.js","statementMap":{"0":{"start":{"line":2,"column":0},"end":{"line":2,"column":26}},"1":{"start":{"line":3,"column":0},"end":{"line":3,"column":29}},"2":{"start":{"line":4,"column":0},"end":{"line":4,"column":34}}},"fnMap":{},"branchMap":{},"s":{"0":1,"1":1,"2":1},"f":{},"b":{},"_coverageSchema":"43e27e138ebf9cfc5966b082cf9a028302ed4184","hash":"2f44e8318ba96599dd4a7ed9ee15d6c0cae10c40","contentHash":"efe7ba7252f67a2612baa23199cb7e314fc4f021fbc921eaf750b8e4b1f32282"},"C:\\WWWR00T\\test\\pre-experto\\backend\\src\\db\\users-db.js":{"path":"C:\\WWWR00T\\test\\pre-experto\\backend\\src\\db\\users-db.js","statementMap":{"0":{"start":{"line":1,"column":18},"end":{"line":1,"column":42}},"1":{"start":{"line":2,"column":13},"end":{"line":2,"column":28}},"2":{"start":{"line":3,"column":13},"end":{"line":3,"column":31}},"3":{"start":{"line":5,"column":16},"end":{"line":5,"column":83}},"4":{"start":{"line":8,"column":2},"end":{"line":13,"column":3}},"5":{"start":{"line":17,"column":2},"end":{"line":19,"column":3}},"6":{"start":{"line":18,"column":4},"end":{"line":18,"column":22}},"7":{"start":{"line":20,"column":2},"end":{"line":22,"column":3}},"8":{"start":{"line":21,"column":4},"end":{"line":21,"column":22}},"9":{"start":{"line":23,"column":2},"end":{"line":25,"column":3}},"10":{"start":{"line":24,"column":4},"end":{"line":24,"column":31}},"11":{"start":{"line":26,"column":2},"end":{"line":26,"column":13}},"12":{"start":{"line":30,"column":2},"end":{"line":30,"column":20}},"13":{"start":{"line":31,"column":2},"end":{"line":31,"column":31}},"14":{"start":{"line":35,"column":14},"end":{"line":35,"column":22}},"15":{"start":{"line":36,"column":2},"end":{"line":36,"column":40}},"16":{"start":{"line":40,"column":2},"end":{"line":40,"column":34}},"17":{"start":{"line":44,"column":2},"end":{"line":44,"column":27}},"18":{"start":{"line":48,"column":2},"end":{"line":48,"column":35}},"19":{"start":{"line":52,"column":2},"end":{"line":52,"column":36}},"20":{"start":{"line":56,"column":2},"end":{"line":56,"column":37}},"21":{"start":{"line":59,"column":0},"end":{"line":70,"column":1}}},"fnMap":{"0":{"name":"validEmail","decl":{"start":{"line":7,"column":9},"end":{"line":7,"column":19}},"loc":{"start":{"line":7,"column":27},"end":{"line":14,"column":1}},"line":7},"1":{"name":"validExpert","decl":{"start":{"line":16,"column":9},"end":{"line":16,"column":20}},"loc":{"start":{"line":16,"column":27},"end":{"line":27,"column":1}},"line":16},"2":{"name":"create","decl":{"start":{"line":29,"column":9},"end":{"line":29,"column":15}},"loc":{"start":{"line":29,"column":22},"end":{"line":32,"column":1}},"line":29},"3":{"name":"update","decl":{"start":{"line":34,"column":9},"end":{"line":34,"column":15}},"loc":{"start":{"line":34,"column":22},"end":{"line":37,"column":1}},"line":34},"4":{"name":"destroy","decl":{"start":{"line":39,"column":9},"end":{"line":39,"column":16}},"loc":{"start":{"line":39,"column":22},"end":{"line":41,"column":1}},"line":39},"5":{"name":"all","decl":{"start":{"line":43,"column":9},"end":{"line":43,"column":12}},"loc":{"start":{"line":43,"column":15},"end":{"line":45,"column":1}},"line":43},"6":{"name":"get","decl":{"start":{"line":47,"column":9},"end":{"line":47,"column":12}},"loc":{"start":{"line":47,"column":18},"end":{"line":49,"column":1}},"line":47},"7":{"name":"findByCode","decl":{"start":{"line":51,"column":9},"end":{"line":51,"column":19}},"loc":{"start":{"line":51,"column":26},"end":{"line":53,"column":1}},"line":51},"8":{"name":"findByEmail","decl":{"start":{"line":55,"column":9},"end":{"line":55,"column":20}},"loc":{"start":{"line":55,"column":28},"end":{"line":57,"column":1}},"line":55}},"branchMap":{"0":{"loc":{"start":{"line":9,"column":4},"end":{"line":12,"column":5}},"type":"binary-expr","locations":[{"start":{"line":9,"column":4},"end":{"line":9,"column":9}},{"start":{"line":10,"column":4},"end":{"line":12,"column":5}}],"line":9},"1":{"loc":{"start":{"line":17,"column":2},"end":{"line":19,"column":3}},"type":"if","locations":[{"start":{"line":17,"column":2},"end":{"line":19,"column":3}},{"start":{"line":17,"column":2},"end":{"line":19,"column":3}}],"line":17},"2":{"loc":{"start":{"line":20,"column":2},"end":{"line":22,"column":3}},"type":"if","locations":[{"start":{"line":20,"column":2},"end":{"line":22,"column":3}},{"start":{"line":20,"column":2},"end":{"line":22,"column":3}}],"line":20},"3":{"loc":{"start":{"line":23,"column":2},"end":{"line":25,"column":3}},"type":"if","locations":[{"start":{"line":23,"column":2},"end":{"line":25,"column":3}},{"start":{"line":23,"column":2},"end":{"line":25,"column":3}}],"line":23}},"s":{"0":1,"1":1,"2":1,"3":1,"4":0,"5":0,"6":0,"7":0,"8":0,"9":0,"10":0,"11":0,"12":4,"13":4,"14":0,"15":0,"16":4,"17":1,"18":3,"19":13,"20":0,"21":1},"f":{"0":0,"1":0,"2":4,"3":0,"4":4,"5":1,"6":3,"7":13,"8":0},"b":{"0":[0,0],"1":[0,0],"2":[0,0],"3":[0,0]},"_coverageSchema":"43e27e138ebf9cfc5966b082cf9a028302ed4184","hash":"47d7eeac0341509b5f56d4fc345ae076087bdb86","contentHash":"549b5c3e027b5c7372799ec089a40fd2eeb7830a5af957fceeef2f202868e9d0"},"C:\\WWWR00T\\test\\pre-experto\\backend\\src\\db\\tokens-db.js":{"path":"C:\\WWWR00T\\test\\pre-experto\\backend\\src\\db\\tokens-db.js","statementMap":{"0":{"start":{"line":1,"column":18},"end":{"line":1,"column":42}},"1":{"start":{"line":2,"column":13},"end":{"line":2,"column":28}},"2":{"start":{"line":4,"column":16},"end":{"line":4,"column":84}},"3":{"start":{"line":7,"column":2},"end":{"line":7,"column":31}},"4":{"start":{"line":11,"column":14},"end":{"line":11,"column":22}},"5":{"start":{"line":12,"column":2},"end":{"line":12,"column":40}},"6":{"start":{"line":16,"column":2},"end":{"line":16,"column":34}},"7":{"start":{"line":20,"column":2},"end":{"line":20,"column":27}},"8":{"start":{"line":24,"column":2},"end":{"line":24,"column":35}},"9":{"start":{"line":28,"column":2},"end":{"line":28,"column":37}},"10":{"start":{"line":32,"column":2},"end":{"line":32,"column":38}},"11":{"start":{"line":36,"column":0},"end":{"line":44,"column":1}}},"fnMap":{"0":{"name":"create","decl":{"start":{"line":6,"column":9},"end":{"line":6,"column":15}},"loc":{"start":{"line":6,"column":22},"end":{"line":8,"column":1}},"line":6},"1":{"name":"update","decl":{"start":{"line":10,"column":9},"end":{"line":10,"column":15}},"loc":{"start":{"line":10,"column":22},"end":{"line":13,"column":1}},"line":10},"2":{"name":"destroy","decl":{"start":{"line":15,"column":9},"end":{"line":15,"column":16}},"loc":{"start":{"line":15,"column":22},"end":{"line":17,"column":1}},"line":15},"3":{"name":"all","decl":{"start":{"line":19,"column":9},"end":{"line":19,"column":12}},"loc":{"start":{"line":19,"column":15},"end":{"line":21,"column":1}},"line":19},"4":{"name":"get","decl":{"start":{"line":23,"column":9},"end":{"line":23,"column":12}},"loc":{"start":{"line":23,"column":18},"end":{"line":25,"column":1}},"line":23},"5":{"name":"findByToken","decl":{"start":{"line":27,"column":9},"end":{"line":27,"column":20}},"loc":{"start":{"line":27,"column":28},"end":{"line":29,"column":1}},"line":27},"6":{"name":"destroyTokensOfUser","decl":{"start":{"line":31,"column":9},"end":{"line":31,"column":28}},"loc":{"start":{"line":31,"column":38},"end":{"line":33,"column":1}},"line":31}},"branchMap":{},"s":{"0":1,"1":1,"2":1,"3":6,"4":0,"5":0,"6":2,"7":1,"8":0,"9":7,"10":7,"11":1},"f":{"0":6,"1":0,"2":2,"3":1,"4":0,"5":7,"6":7},"b":{},"_coverageSchema":"43e27e138ebf9cfc5966b082cf9a028302ed4184","hash":"b30e670db74df7c39e3075ce99cf97ed16a8c863","contentHash":"3f2a045caa53d06c3b1285cf16a8d4ec0d6f95895db0db11d261dfbbc06241f8"},"C:\\WWWR00T\\test\\pre-experto\\backend\\index.js":{"path":"C:\\WWWR00T\\test\\pre-experto\\backend\\index.js","statementMap":{"0":{"start":{"line":4,"column":0},"end":{"line":4,"column":26}},"1":{"start":{"line":5,"column":14},"end":{"line":5,"column":30}},"2":{"start":{"line":6,"column":11},"end":{"line":6,"column":24}},"3":{"start":{"line":7,"column":12},"end":{"line":7,"column":26}},"4":{"start":{"line":8,"column":11},"end":{"line":8,"column":24}},"5":{"start":{"line":9,"column":12},"end":{"line":9,"column":26}},"6":{"start":{"line":10,"column":12},"end":{"line":10,"column":21}},"7":{"start":{"line":11,"column":14},"end":{"line":11,"column":35}},"8":{"start":{"line":12,"column":13},"end":{"line":12,"column":33}},"9":{"start":{"line":13,"column":16},"end":{"line":13,"column":35}},"10":{"start":{"line":14,"column":17},"end":{"line":14,"column":40}},"11":{"start":{"line":15,"column":17},"end":{"line":15,"column":40}},"12":{"start":{"line":16,"column":15},"end":{"line":16,"column":46}},"13":{"start":{"line":17,"column":12},"end":{"line":17,"column":32}},"14":{"start":{"line":19,"column":15},"end":{"line":19,"column":38}},"15":{"start":{"line":22,"column":0},"end":{"line":33,"column":3}},"16":{"start":{"line":23,"column":2},"end":{"line":32,"column":3}},"17":{"start":{"line":24,"column":4},"end":{"line":24,"column":17}},"18":{"start":{"line":26,"column":4},"end":{"line":26,"column":34}},"19":{"start":{"line":27,"column":4},"end":{"line":30,"column":5}},"20":{"start":{"line":31,"column":4},"end":{"line":31,"column":35}},"21":{"start":{"line":35,"column":0},"end":{"line":43,"column":2}},"22":{"start":{"line":36,"column":2},"end":{"line":42,"column":3}},"23":{"start":{"line":37,"column":4},"end":{"line":37,"column":31}},"24":{"start":{"line":38,"column":9},"end":{"line":42,"column":3}},"25":{"start":{"line":39,"column":4},"end":{"line":39,"column":31}},"26":{"start":{"line":41,"column":4},"end":{"line":41,"column":23}},"27":{"start":{"line":46,"column":0},"end":{"line":46,"column":37}},"28":{"start":{"line":47,"column":0},"end":{"line":47,"column":15}},"29":{"start":{"line":48,"column":0},"end":{"line":48,"column":19}},"30":{"start":{"line":49,"column":0},"end":{"line":49,"column":30}},"31":{"start":{"line":52,"column":0},"end":{"line":52,"column":15}},"32":{"start":{"line":55,"column":0},"end":{"line":55,"column":24}},"33":{"start":{"line":58,"column":0},"end":{"line":60,"column":3}},"34":{"start":{"line":59,"column":2},"end":{"line":59,"column":71}},"35":{"start":{"line":62,"column":16},"end":{"line":65,"column":1}},"36":{"start":{"line":67,"column":13},"end":{"line":67,"column":48}},"37":{"start":{"line":68,"column":15},"end":{"line":68,"column":71}},"38":{"start":{"line":70,"column":0},"end":{"line":72,"column":2}},"39":{"start":{"line":71,"column":2},"end":{"line":71,"column":88}},"40":{"start":{"line":74,"column":0},"end":{"line":74,"column":10}},"41":{"start":{"line":75,"column":0},"end":{"line":75,"column":17}},"42":{"start":{"line":76,"column":0},"end":{"line":76,"column":23}}},"fnMap":{"0":{"name":"(anonymous_0)","decl":{"start":{"line":22,"column":8},"end":{"line":22,"column":9}},"loc":{"start":{"line":22,"column":29},"end":{"line":33,"column":1}},"line":22},"1":{"name":"(anonymous_1)","decl":{"start":{"line":35,"column":16},"end":{"line":35,"column":17}},"loc":{"start":{"line":35,"column":25},"end":{"line":43,"column":1}},"line":35},"2":{"name":"(anonymous_2)","decl":{"start":{"line":58,"column":8},"end":{"line":58,"column":9}},"loc":{"start":{"line":58,"column":21},"end":{"line":60,"column":1}},"line":58},"3":{"name":"(anonymous_3)","decl":{"start":{"line":70,"column":26},"end":{"line":70,"column":27}},"loc":{"start":{"line":70,"column":47},"end":{"line":72,"column":1}},"line":70}},"branchMap":{"0":{"loc":{"start":{"line":26,"column":17},"end":{"line":26,"column":34}},"type":"binary-expr","locations":[{"start":{"line":26,"column":17},"end":{"line":26,"column":27}},{"start":{"line":26,"column":31},"end":{"line":26,"column":34}}],"line":26},"1":{"loc":{"start":{"line":36,"column":2},"end":{"line":42,"column":3}},"type":"if","locations":[{"start":{"line":36,"column":2},"end":{"line":42,"column":3}},{"start":{"line":36,"column":2},"end":{"line":42,"column":3}}],"line":36},"2":{"loc":{"start":{"line":38,"column":9},"end":{"line":42,"column":3}},"type":"if","locations":[{"start":{"line":38,"column":9},"end":{"line":42,"column":3}},{"start":{"line":38,"column":9},"end":{"line":42,"column":3}}],"line":38},"3":{"loc":{"start":{"line":67,"column":13},"end":{"line":67,"column":48}},"type":"binary-expr","locations":[{"start":{"line":67,"column":13},"end":{"line":67,"column":40}},{"start":{"line":67,"column":44},"end":{"line":67,"column":48}}],"line":67}},"s":{"0":1,"1":1,"2":1,"3":1,"4":1,"5":1,"6":1,"7":1,"8":1,"9":1,"10":1,"11":1,"12":1,"13":1,"14":1,"15":1,"16":18,"17":18,"18":2,"19":2,"20":2,"21":1,"22":2,"23":2,"24":0,"25":0,"26":0,"27":1,"28":1,"29":1,"30":1,"31":1,"32":1,"33":1,"34":0,"35":1,"36":1,"37":1,"38":1,"39":1,"40":1,"41":1,"42":1},"f":{"0":18,"1":2,"2":0,"3":1},"b":{"0":[2,0],"1":[2,0],"2":[0,0],"3":[1,0]},"_coverageSchema":"43e27e138ebf9cfc5966b082cf9a028302ed4184","hash":"720ab439782aabac6a1246e92802cfebcee054ee","contentHash":"253aca8be3b9e5736bf227504bc24c7748821c15162683f01c669c5d033af538"},"C:\\WWWR00T\\test\\pre-experto\\backend\\src\\classes\\logger.js":{"path":"C:\\WWWR00T\\test\\pre-experto\\backend\\src\\classes\\logger.js","statementMap":{"0":{"start":{"line":4,"column":16},"end":{"line":8,"column":1}},"1":{"start":{"line":9,"column":15},"end":{"line":9,"column":39}},"2":{"start":{"line":10,"column":0},"end":{"line":10,"column":23}}},"fnMap":{},"branchMap":{"0":{"loc":{"start":{"line":5,"column":9},"end":{"line":5,"column":65}},"type":"cond-expr","locations":[{"start":{"line":5,"column":49},"end":{"line":5,"column":55}},{"start":{"line":5,"column":58},"end":{"line":5,"column":65}}],"line":5}},"s":{"0":1,"1":1,"2":1},"f":{},"b":{"0":[0,1]},"_coverageSchema":"43e27e138ebf9cfc5966b082cf9a028302ed4184","hash":"56e874e7a4ebfe8a9acb15ab3a70d10b09480c35","contentHash":"ad2eb827039377c25df6bd4091302b45fc4875e690407c19d1ae1785791e5e14"},"C:\\WWWR00T\\test\\pre-experto\\backend\\src\\rtc\\index.js":{"path":"C:\\WWWR00T\\test\\pre-experto\\backend\\src\\rtc\\index.js","statementMap":{"0":{"start":{"line":1,"column":11},"end":{"line":1,"column":24}},"1":{"start":{"line":2,"column":15},"end":{"line":2,"column":43}},"2":{"start":{"line":3,"column":17},"end":{"line":3,"column":39}},"3":{"start":{"line":4,"column":13},"end":{"line":4,"column":61}},"4":{"start":{"line":5,"column":13},"end":{"line":5,"column":31}},"5":{"start":{"line":7,"column":30},"end":{"line":7,"column":56}},"6":{"start":{"line":10,"column":23},"end":{"line":12,"column":4}},"7":{"start":{"line":14,"column":2},"end":{"line":30,"column":4}},"8":{"start":{"line":16,"column":6},"end":{"line":16,"column":72}},"9":{"start":{"line":17,"column":6},"end":{"line":17,"column":26}},"10":{"start":{"line":18,"column":6},"end":{"line":18,"column":20}},"11":{"start":{"line":20,"column":21},"end":{"line":20,"column":43}},"12":{"start":{"line":21,"column":4},"end":{"line":23,"column":5}},"13":{"start":{"line":22,"column":6},"end":{"line":22,"column":36}},"14":{"start":{"line":24,"column":39},"end":{"line":24,"column":54}},"15":{"start":{"line":25,"column":4},"end":{"line":27,"column":5}},"16":{"start":{"line":26,"column":6},"end":{"line":26,"column":45}},"17":{"start":{"line":28,"column":4},"end":{"line":28,"column":95}},"18":{"start":{"line":29,"column":4},"end":{"line":29,"column":47}},"19":{"start":{"line":34,"column":2},"end":{"line":38,"column":24}},"20":{"start":{"line":36,"column":6},"end":{"line":36,"column":48}},"21":{"start":{"line":41,"column":0},"end":{"line":41,"column":38}}},"fnMap":{"0":{"name":"serve","decl":{"start":{"line":9,"column":9},"end":{"line":9,"column":14}},"loc":{"start":{"line":9,"column":23},"end":{"line":31,"column":1}},"line":9},"1":{"name":"connection","decl":{"start":{"line":14,"column":41},"end":{"line":14,"column":51}},"loc":{"start":{"line":14,"column":69},"end":{"line":30,"column":3}},"line":14},"2":{"name":"sendError","decl":{"start":{"line":15,"column":13},"end":{"line":15,"column":22}},"loc":{"start":{"line":15,"column":32},"end":{"line":19,"column":5}},"line":15},"3":{"name":"init","decl":{"start":{"line":33,"column":9},"end":{"line":33,"column":13}},"loc":{"start":{"line":33,"column":16},"end":{"line":39,"column":1}},"line":33},"4":{"name":"(anonymous_4)","decl":{"start":{"line":35,"column":10},"end":{"line":35,"column":11}},"loc":{"start":{"line":35,"column":16},"end":{"line":37,"column":5}},"line":35}},"branchMap":{"0":{"loc":{"start":{"line":4,"column":26},"end":{"line":4,"column":60}},"type":"binary-expr","locations":[{"start":{"line":4,"column":26},"end":{"line":4,"column":52}},{"start":{"line":4,"column":56},"end":{"line":4,"column":60}}],"line":4},"1":{"loc":{"start":{"line":21,"column":4},"end":{"line":23,"column":5}},"type":"if","locations":[{"start":{"line":21,"column":4},"end":{"line":23,"column":5}},{"start":{"line":21,"column":4},"end":{"line":23,"column":5}}],"line":21},"2":{"loc":{"start":{"line":25,"column":4},"end":{"line":27,"column":5}},"type":"if","locations":[{"start":{"line":25,"column":4},"end":{"line":27,"column":5}},{"start":{"line":25,"column":4},"end":{"line":27,"column":5}}],"line":25}},"s":{"0":1,"1":1,"2":1,"3":1,"4":1,"5":1,"6":1,"7":1,"8":0,"9":0,"10":0,"11":0,"12":0,"13":0,"14":0,"15":0,"16":0,"17":0,"18":0,"19":1,"20":1,"21":1},"f":{"0":1,"1":0,"2":0,"3":1,"4":1},"b":{"0":[1,0],"1":[0,0],"2":[0,0]},"_coverageSchema":"43e27e138ebf9cfc5966b082cf9a028302ed4184","hash":"0b27846199ac7d8cb2f197b49c2e2b2ad1ab5aa3","contentHash":"81d9da3b19b3845eda09b6209a22b05a225959ee28f571aff154a60916913ff5"},"C:\\WWWR00T\\test\\pre-experto\\backend\\src\\rtc\\room-pool.js":{"path":"C:\\WWWR00T\\test\\pre-experto\\backend\\src\\rtc\\room-pool.js","statementMap":{"0":{"start":{"line":1,"column":11},"end":{"line":1,"column":24}},"1":{"start":{"line":2,"column":16},"end":{"line":2,"column":41}},"2":{"start":{"line":3,"column":23},"end":{"line":3,"column":51}},"3":{"start":{"line":4,"column":15},"end":{"line":4,"column":43}},"4":{"start":{"line":8,"column":4},"end":{"line":8,"column":18}},"5":{"start":{"line":9,"column":4},"end":{"line":9,"column":19}},"6":{"start":{"line":10,"column":4},"end":{"line":10,"column":18}},"7":{"start":{"line":12,"column":4},"end":{"line":14,"column":12}},"8":{"start":{"line":13,"column":6},"end":{"line":13,"column":25}},"9":{"start":{"line":15,"column":4},"end":{"line":15,"column":15}},"10":{"start":{"line":19,"column":18},"end":{"line":19,"column":37}},"11":{"start":{"line":20,"column":26},"end":{"line":20,"column":42}},"12":{"start":{"line":21,"column":4},"end":{"line":24,"column":6}},"13":{"start":{"line":22,"column":6},"end":{"line":22,"column":36}},"14":{"start":{"line":23,"column":6},"end":{"line":23,"column":23}},"15":{"start":{"line":25,"column":17},"end":{"line":25,"column":43}},"16":{"start":{"line":26,"column":4},"end":{"line":26,"column":39}},"17":{"start":{"line":26,"column":23},"end":{"line":26,"column":38}},"18":{"start":{"line":27,"column":4},"end":{"line":27,"column":23}},"19":{"start":{"line":28,"column":4},"end":{"line":28,"column":28}},"20":{"start":{"line":32,"column":20},"end":{"line":32,"column":25}},"21":{"start":{"line":33,"column":16},"end":{"line":33,"column":51}},"22":{"start":{"line":34,"column":17},"end":{"line":34,"column":39}},"23":{"start":{"line":35,"column":4},"end":{"line":41,"column":5}},"24":{"start":{"line":36,"column":6},"end":{"line":40,"column":7}},"25":{"start":{"line":37,"column":8},"end":{"line":37,"column":41}},"26":{"start":{"line":38,"column":8},"end":{"line":38,"column":23}},"27":{"start":{"line":39,"column":8},"end":{"line":39,"column":22}},"28":{"start":{"line":42,"column":4},"end":{"line":44,"column":5}},"29":{"start":{"line":43,"column":6},"end":{"line":43,"column":25}},"30":{"start":{"line":48,"column":4},"end":{"line":48,"column":19}},"31":{"start":{"line":49,"column":17},"end":{"line":49,"column":39}},"32":{"start":{"line":50,"column":4},"end":{"line":67,"column":6}},"33":{"start":{"line":51,"column":19},"end":{"line":51,"column":37}},"34":{"start":{"line":52,"column":6},"end":{"line":56,"column":7}},"35":{"start":{"line":57,"column":6},"end":{"line":61,"column":7}},"36":{"start":{"line":62,"column":6},"end":{"line":66,"column":7}},"37":{"start":{"line":71,"column":17},"end":{"line":71,"column":39}},"38":{"start":{"line":72,"column":4},"end":{"line":72,"column":49}},"39":{"start":{"line":72,"column":26},"end":{"line":72,"column":48}},"40":{"start":{"line":76,"column":4},"end":{"line":82,"column":5}},"41":{"start":{"line":77,"column":25},"end":{"line":77,"column":49}},"42":{"start":{"line":78,"column":6},"end":{"line":78,"column":38}},"43":{"start":{"line":80,"column":25},"end":{"line":80,"column":44}},"44":{"start":{"line":81,"column":6},"end":{"line":81,"column":29}},"45":{"start":{"line":86,"column":4},"end":{"line":92,"column":5}},"46":{"start":{"line":87,"column":33},"end":{"line":87,"column":49}},"47":{"start":{"line":88,"column":25},"end":{"line":88,"column":38}},"48":{"start":{"line":89,"column":6},"end":{"line":89,"column":39}},"49":{"start":{"line":91,"column":6},"end":{"line":91,"column":15}},"50":{"start":{"line":96,"column":4},"end":{"line":96,"column":24}},"51":{"start":{"line":100,"column":4},"end":{"line":102,"column":5}},"52":{"start":{"line":101,"column":6},"end":{"line":101,"column":55}},"53":{"start":{"line":103,"column":4},"end":{"line":103,"column":28}},"54":{"start":{"line":104,"column":4},"end":{"line":104,"column":24}},"55":{"start":{"line":105,"column":4},"end":{"line":105,"column":29}},"56":{"start":{"line":106,"column":4},"end":{"line":106,"column":37}},"57":{"start":{"line":110,"column":4},"end":{"line":110,"column":36}},"58":{"start":{"line":114,"column":0},"end":{"line":114,"column":25}}},"fnMap":{"0":{"name":"(anonymous_0)","decl":{"start":{"line":7,"column":2},"end":{"line":7,"column":3}},"loc":{"start":{"line":7,"column":30},"end":{"line":16,"column":3}},"line":7},"1":{"name":"(anonymous_1)","decl":{"start":{"line":12,"column":16},"end":{"line":12,"column":17}},"loc":{"start":{"line":12,"column":22},"end":{"line":14,"column":5}},"line":12},"2":{"name":"(anonymous_2)","decl":{"start":{"line":18,"column":2},"end":{"line":18,"column":3}},"loc":{"start":{"line":18,"column":15},"end":{"line":29,"column":3}},"line":18},"3":{"name":"(anonymous_3)","decl":{"start":{"line":21,"column":18},"end":{"line":21,"column":19}},"loc":{"start":{"line":21,"column":26},"end":{"line":24,"column":5}},"line":21},"4":{"name":"(anonymous_4)","decl":{"start":{"line":26,"column":17},"end":{"line":26,"column":18}},"loc":{"start":{"line":26,"column":23},"end":{"line":26,"column":38}},"line":26},"5":{"name":"(anonymous_5)","decl":{"start":{"line":31,"column":2},"end":{"line":31,"column":3}},"loc":{"start":{"line":31,"column":17},"end":{"line":45,"column":3}},"line":31},"6":{"name":"(anonymous_6)","decl":{"start":{"line":47,"column":2},"end":{"line":47,"column":3}},"loc":{"start":{"line":47,"column":17},"end":{"line":68,"column":3}},"line":47},"7":{"name":"(anonymous_7)","decl":{"start":{"line":50,"column":17},"end":{"line":50,"column":18}},"loc":{"start":{"line":50,"column":23},"end":{"line":67,"column":5}},"line":50},"8":{"name":"(anonymous_8)","decl":{"start":{"line":70,"column":2},"end":{"line":70,"column":3}},"loc":{"start":{"line":70,"column":11},"end":{"line":73,"column":3}},"line":70},"9":{"name":"(anonymous_9)","decl":{"start":{"line":72,"column":20},"end":{"line":72,"column":21}},"loc":{"start":{"line":72,"column":26},"end":{"line":72,"column":48}},"line":72},"10":{"name":"(anonymous_10)","decl":{"start":{"line":75,"column":2},"end":{"line":75,"column":3}},"loc":{"start":{"line":75,"column":15},"end":{"line":83,"column":3}},"line":75},"11":{"name":"(anonymous_11)","decl":{"start":{"line":85,"column":2},"end":{"line":85,"column":3}},"loc":{"start":{"line":85,"column":13},"end":{"line":93,"column":3}},"line":85},"12":{"name":"(anonymous_12)","decl":{"start":{"line":95,"column":2},"end":{"line":95,"column":3}},"loc":{"start":{"line":95,"column":10},"end":{"line":97,"column":3}},"line":95},"13":{"name":"(anonymous_13)","decl":{"start":{"line":99,"column":2},"end":{"line":99,"column":3}},"loc":{"start":{"line":99,"column":19},"end":{"line":107,"column":3}},"line":99},"14":{"name":"(anonymous_14)","decl":{"start":{"line":109,"column":2},"end":{"line":109,"column":3}},"loc":{"start":{"line":109,"column":15},"end":{"line":111,"column":3}},"line":109}},"branchMap":{"0":{"loc":{"start":{"line":7,"column":14},"end":{"line":7,"column":28}},"type":"default-arg","locations":[{"start":{"line":7,"column":20},"end":{"line":7,"column":28}}],"line":7},"1":{"loc":{"start":{"line":36,"column":6},"end":{"line":40,"column":7}},"type":"if","locations":[{"start":{"line":36,"column":6},"end":{"line":40,"column":7}},{"start":{"line":36,"column":6},"end":{"line":40,"column":7}}],"line":36},"2":{"loc":{"start":{"line":42,"column":4},"end":{"line":44,"column":5}},"type":"if","locations":[{"start":{"line":42,"column":4},"end":{"line":44,"column":5}},{"start":{"line":42,"column":4},"end":{"line":44,"column":5}}],"line":42},"3":{"loc":{"start":{"line":76,"column":4},"end":{"line":82,"column":5}},"type":"if","locations":[{"start":{"line":76,"column":4},"end":{"line":82,"column":5}},{"start":{"line":76,"column":4},"end":{"line":82,"column":5}}],"line":76},"4":{"loc":{"start":{"line":86,"column":4},"end":{"line":92,"column":5}},"type":"if","locations":[{"start":{"line":86,"column":4},"end":{"line":92,"column":5}},{"start":{"line":86,"column":4},"end":{"line":92,"column":5}}],"line":86},"5":{"loc":{"start":{"line":100,"column":4},"end":{"line":102,"column":5}},"type":"if","locations":[{"start":{"line":100,"column":4},"end":{"line":102,"column":5}},{"start":{"line":100,"column":4},"end":{"line":102,"column":5}}],"line":100}},"s":{"0":1,"1":1,"2":1,"3":1,"4":1,"5":1,"6":1,"7":1,"8":1,"9":1,"10":4,"11":4,"12":4,"13":10,"14":10,"15":4,"16":4,"17":1,"18":4,"19":4,"20":1,"21":1,"22":1,"23":1,"24":0,"25":0,"26":0,"27":0,"28":1,"29":0,"30":4,"31":4,"32":4,"33":10,"34":10,"35":10,"36":10,"37":0,"38":0,"39":0,"40":10,"41":3,"42":3,"43":7,"44":7,"45":0,"46":0,"47":0,"48":0,"49":0,"50":0,"51":1,"52":0,"53":1,"54":1,"55":1,"56":1,"57":5,"58":1},"f":{"0":1,"1":1,"2":4,"3":10,"4":1,"5":1,"6":4,"7":10,"8":0,"9":0,"10":10,"11":0,"12":0,"13":1,"14":5},"b":{"0":[0],"1":[0,0],"2":[0,1],"3":[3,7],"4":[0,0],"5":[0,1]},"_coverageSchema":"43e27e138ebf9cfc5966b082cf9a028302ed4184","hash":"1d600b2feced3e32ca3a0d1354c9fa0363b415f7","contentHash":"18da385652488cc079c291b663d38552b09f4fbf70b5dd24e209d37ad0bbcc7d"},"C:\\WWWR00T\\test\\pre-experto\\backend\\src\\db\\rooms-db.js":{"path":"C:\\WWWR00T\\test\\pre-experto\\backend\\src\\db\\rooms-db.js","statementMap":{"0":{"start":{"line":1,"column":18},"end":{"line":1,"column":42}},"1":{"start":{"line":2,"column":13},"end":{"line":2,"column":28}},"2":{"start":{"line":4,"column":16},"end":{"line":4,"column":83}},"3":{"start":{"line":7,"column":2},"end":{"line":12,"column":3}},"4":{"start":{"line":16,"column":2},"end":{"line":18,"column":3}},"5":{"start":{"line":17,"column":4},"end":{"line":17,"column":30}},"6":{"start":{"line":19,"column":2},"end":{"line":21,"column":3}},"7":{"start":{"line":20,"column":4},"end":{"line":20,"column":32}},"8":{"start":{"line":22,"column":2},"end":{"line":24,"column":3}},"9":{"start":{"line":23,"column":4},"end":{"line":23,"column":32}},"10":{"start":{"line":25,"column":2},"end":{"line":27,"column":3}},"11":{"start":{"line":26,"column":4},"end":{"line":26,"column":29}},"12":{"start":{"line":28,"column":2},"end":{"line":30,"column":3}},"13":{"start":{"line":29,"column":4},"end":{"line":29,"column":41}},"14":{"start":{"line":31,"column":2},"end":{"line":31,"column":13}},"15":{"start":{"line":35,"column":2},"end":{"line":35,"column":31}},"16":{"start":{"line":39,"column":14},"end":{"line":39,"column":22}},"17":{"start":{"line":40,"column":2},"end":{"line":40,"column":40}},"18":{"start":{"line":44,"column":2},"end":{"line":44,"column":34}},"19":{"start":{"line":48,"column":2},"end":{"line":48,"column":27}},"20":{"start":{"line":52,"column":2},"end":{"line":52,"column":35}},"21":{"start":{"line":56,"column":2},"end":{"line":56,"column":74}},"22":{"start":{"line":59,"column":0},"end":{"line":68,"column":1}}},"fnMap":{"0":{"name":"validEmail","decl":{"start":{"line":6,"column":9},"end":{"line":6,"column":19}},"loc":{"start":{"line":6,"column":27},"end":{"line":13,"column":1}},"line":6},"1":{"name":"validRoom","decl":{"start":{"line":15,"column":9},"end":{"line":15,"column":18}},"loc":{"start":{"line":15,"column":25},"end":{"line":32,"column":1}},"line":15},"2":{"name":"create","decl":{"start":{"line":34,"column":9},"end":{"line":34,"column":15}},"loc":{"start":{"line":34,"column":22},"end":{"line":36,"column":1}},"line":34},"3":{"name":"update","decl":{"start":{"line":38,"column":9},"end":{"line":38,"column":15}},"loc":{"start":{"line":38,"column":22},"end":{"line":41,"column":1}},"line":38},"4":{"name":"destroy","decl":{"start":{"line":43,"column":9},"end":{"line":43,"column":16}},"loc":{"start":{"line":43,"column":22},"end":{"line":45,"column":1}},"line":43},"5":{"name":"all","decl":{"start":{"line":47,"column":9},"end":{"line":47,"column":12}},"loc":{"start":{"line":47,"column":15},"end":{"line":49,"column":1}},"line":47},"6":{"name":"get","decl":{"start":{"line":51,"column":9},"end":{"line":51,"column":12}},"loc":{"start":{"line":51,"column":18},"end":{"line":53,"column":1}},"line":51},"7":{"name":"updateLastActivity","decl":{"start":{"line":55,"column":9},"end":{"line":55,"column":27}},"loc":{"start":{"line":55,"column":33},"end":{"line":57,"column":1}},"line":55}},"branchMap":{"0":{"loc":{"start":{"line":8,"column":4},"end":{"line":11,"column":5}},"type":"binary-expr","locations":[{"start":{"line":8,"column":4},"end":{"line":8,"column":9}},{"start":{"line":9,"column":4},"end":{"line":11,"column":5}}],"line":8},"1":{"loc":{"start":{"line":16,"column":2},"end":{"line":18,"column":3}},"type":"if","locations":[{"start":{"line":16,"column":2},"end":{"line":18,"column":3}},{"start":{"line":16,"column":2},"end":{"line":18,"column":3}}],"line":16},"2":{"loc":{"start":{"line":19,"column":2},"end":{"line":21,"column":3}},"type":"if","locations":[{"start":{"line":19,"column":2},"end":{"line":21,"column":3}},{"start":{"line":19,"column":2},"end":{"line":21,"column":3}}],"line":19},"3":{"loc":{"start":{"line":22,"column":2},"end":{"line":24,"column":3}},"type":"if","locations":[{"start":{"line":22,"column":2},"end":{"line":24,"column":3}},{"start":{"line":22,"column":2},"end":{"line":24,"column":3}}],"line":22},"4":{"loc":{"start":{"line":25,"column":2},"end":{"line":27,"column":3}},"type":"if","locations":[{"start":{"line":25,"column":2},"end":{"line":27,"column":3}},{"start":{"line":25,"column":2},"end":{"line":27,"column":3}}],"line":25},"5":{"loc":{"start":{"line":28,"column":2},"end":{"line":30,"column":3}},"type":"if","locations":[{"start":{"line":28,"column":2},"end":{"line":30,"column":3}},{"start":{"line":28,"column":2},"end":{"line":30,"column":3}}],"line":28}},"s":{"0":1,"1":1,"2":1,"3":2,"4":2,"5":0,"6":2,"7":0,"8":2,"9":0,"10":2,"11":0,"12":2,"13":0,"14":2,"15":1,"16":1,"17":1,"18":2,"19":6,"20":4,"21":1,"22":1},"f":{"0":2,"1":2,"2":1,"3":1,"4":2,"5":6,"6":4,"7":1},"b":{"0":[2,2],"1":[0,2],"2":[0,2],"3":[0,2],"4":[0,2],"5":[0,2]},"_coverageSchema":"43e27e138ebf9cfc5966b082cf9a028302ed4184","hash":"29d2f7173dc48952f3a16ca9f564deb6e07d50a2","contentHash":"20f7f256fa4ce86c777b9b620a7180cb6d7e3292b5117b81bd84529088e50184"},"C:\\WWWR00T\\test\\pre-experto\\backend\\src\\rtc\\room-controller.js":{"path":"C:\\WWWR00T\\test\\pre-experto\\backend\\src\\rtc\\room-controller.js","statementMap":{"0":{"start":{"line":1,"column":15},"end":{"line":1,"column":32}},"1":{"start":{"line":2,"column":15},"end":{"line":2,"column":43}},"2":{"start":{"line":3,"column":16},"end":{"line":3,"column":41}},"3":{"start":{"line":4,"column":24},"end":{"line":4,"column":53}},"4":{"start":{"line":5,"column":24},"end":{"line":5,"column":53}},"5":{"start":{"line":6,"column":25},"end":{"line":6,"column":55}},"6":{"start":{"line":10,"column":4},"end":{"line":10,"column":22}},"7":{"start":{"line":11,"column":4},"end":{"line":11,"column":20}},"8":{"start":{"line":12,"column":4},"end":{"line":12,"column":26}},"9":{"start":{"line":13,"column":4},"end":{"line":15,"column":5}},"10":{"start":{"line":14,"column":6},"end":{"line":14,"column":31}},"11":{"start":{"line":16,"column":4},"end":{"line":16,"column":23}},"12":{"start":{"line":20,"column":4},"end":{"line":20,"column":41}},"13":{"start":{"line":24,"column":4},"end":{"line":24,"column":39}},"14":{"start":{"line":25,"column":4},"end":{"line":25,"column":39}},"15":{"start":{"line":29,"column":4},"end":{"line":31,"column":5}},"16":{"start":{"line":30,"column":6},"end":{"line":30,"column":25}},"17":{"start":{"line":32,"column":4},"end":{"line":36,"column":6}},"18":{"start":{"line":37,"column":4},"end":{"line":37,"column":29}},"19":{"start":{"line":41,"column":4},"end":{"line":41,"column":47}},"20":{"start":{"line":45,"column":4},"end":{"line":45,"column":53}},"21":{"start":{"line":49,"column":53},"end":{"line":49,"column":62}},"22":{"start":{"line":50,"column":4},"end":{"line":57,"column":5}},"23":{"start":{"line":53,"column":62},"end":{"line":53,"column":93}},"24":{"start":{"line":61,"column":4},"end":{"line":65,"column":5}},"25":{"start":{"line":62,"column":6},"end":{"line":62,"column":29}},"26":{"start":{"line":64,"column":6},"end":{"line":64,"column":25}},"27":{"start":{"line":69,"column":4},"end":{"line":69,"column":29}},"28":{"start":{"line":70,"column":4},"end":{"line":70,"column":42}},"29":{"start":{"line":71,"column":24},"end":{"line":71,"column":82}},"30":{"start":{"line":72,"column":4},"end":{"line":72,"column":43}},"31":{"start":{"line":73,"column":4},"end":{"line":79,"column":6}},"32":{"start":{"line":80,"column":4},"end":{"line":88,"column":5}},"33":{"start":{"line":82,"column":19},"end":{"line":82,"column":49}},"34":{"start":{"line":83,"column":6},"end":{"line":87,"column":7}},"35":{"start":{"line":84,"column":8},"end":{"line":86,"column":9}},"36":{"start":{"line":85,"column":10},"end":{"line":85,"column":25}},"37":{"start":{"line":89,"column":4},"end":{"line":89,"column":36}},"38":{"start":{"line":91,"column":4},"end":{"line":178,"column":6}},"39":{"start":{"line":92,"column":6},"end":{"line":92,"column":31}},"40":{"start":{"line":93,"column":22},"end":{"line":93,"column":45}},"41":{"start":{"line":94,"column":22},"end":{"line":94,"column":37}},"42":{"start":{"line":95,"column":6},"end":{"line":177,"column":7}},"43":{"start":{"line":97,"column":10},"end":{"line":101,"column":11}},"44":{"start":{"line":98,"column":26},"end":{"line":98,"column":69}},"45":{"start":{"line":99,"column":12},"end":{"line":99,"column":29}},"46":{"start":{"line":100,"column":12},"end":{"line":100,"column":71}},"47":{"start":{"line":102,"column":10},"end":{"line":102,"column":87}},"48":{"start":{"line":103,"column":10},"end":{"line":113,"column":14}},"49":{"start":{"line":106,"column":14},"end":{"line":106,"column":46}},"50":{"start":{"line":107,"column":14},"end":{"line":107,"column":46}},"51":{"start":{"line":110,"column":14},"end":{"line":110,"column":54}},"52":{"start":{"line":111,"column":14},"end":{"line":111,"column":31}},"53":{"start":{"line":112,"column":14},"end":{"line":112,"column":73}},"54":{"start":{"line":115,"column":10},"end":{"line":115,"column":15}},"55":{"start":{"line":117,"column":10},"end":{"line":117,"column":49}},"56":{"start":{"line":118,"column":10},"end":{"line":120,"column":11}},"57":{"start":{"line":119,"column":12},"end":{"line":119,"column":80}},"58":{"start":{"line":121,"column":10},"end":{"line":121,"column":15}},"59":{"start":{"line":124,"column":28},"end":{"line":124,"column":65}},"60":{"start":{"line":125,"column":12},"end":{"line":134,"column":13}},"61":{"start":{"line":126,"column":14},"end":{"line":126,"column":54}},"62":{"start":{"line":127,"column":14},"end":{"line":127,"column":57}},"63":{"start":{"line":128,"column":14},"end":{"line":128,"column":52}},"64":{"start":{"line":129,"column":14},"end":{"line":129,"column":46}},"65":{"start":{"line":131,"column":28},"end":{"line":131,"column":43}},"66":{"start":{"line":132,"column":14},"end":{"line":132,"column":31}},"67":{"start":{"line":133,"column":14},"end":{"line":133,"column":73}},"68":{"start":{"line":136,"column":10},"end":{"line":136,"column":15}},"69":{"start":{"line":139,"column":28},"end":{"line":139,"column":65}},"70":{"start":{"line":140,"column":12},"end":{"line":152,"column":13}},"71":{"start":{"line":141,"column":14},"end":{"line":141,"column":93}},"72":{"start":{"line":142,"column":14},"end":{"line":147,"column":50}},"73":{"start":{"line":145,"column":18},"end":{"line":145,"column":54}},"74":{"start":{"line":147,"column":32},"end":{"line":147,"column":49}},"75":{"start":{"line":149,"column":28},"end":{"line":149,"column":43}},"76":{"start":{"line":150,"column":14},"end":{"line":150,"column":31}},"77":{"start":{"line":151,"column":14},"end":{"line":151,"column":73}},"78":{"start":{"line":154,"column":10},"end":{"line":154,"column":15}},"79":{"start":{"line":156,"column":10},"end":{"line":158,"column":11}},"80":{"start":{"line":157,"column":12},"end":{"line":157,"column":81}},"81":{"start":{"line":159,"column":10},"end":{"line":159,"column":15}},"82":{"start":{"line":161,"column":10},"end":{"line":164,"column":11}},"83":{"start":{"line":162,"column":12},"end":{"line":162,"column":60}},"84":{"start":{"line":163,"column":12},"end":{"line":163,"column":53}},"85":{"start":{"line":165,"column":10},"end":{"line":165,"column":15}},"86":{"start":{"line":167,"column":10},"end":{"line":167,"column":62}},"87":{"start":{"line":168,"column":10},"end":{"line":168,"column":67}},"88":{"start":{"line":169,"column":10},"end":{"line":169,"column":15}},"89":{"start":{"line":172,"column":10},"end":{"line":172,"column":74}},"90":{"start":{"line":173,"column":10},"end":{"line":173,"column":15}},"91":{"start":{"line":175,"column":10},"end":{"line":175,"column":72}},"92":{"start":{"line":176,"column":10},"end":{"line":176,"column":35}},"93":{"start":{"line":180,"column":4},"end":{"line":185,"column":6}},"94":{"start":{"line":181,"column":6},"end":{"line":181,"column":31}},"95":{"start":{"line":182,"column":6},"end":{"line":182,"column":47}},"96":{"start":{"line":183,"column":6},"end":{"line":183,"column":32}},"97":{"start":{"line":184,"column":6},"end":{"line":184,"column":38}},"98":{"start":{"line":187,"column":4},"end":{"line":192,"column":6}},"99":{"start":{"line":188,"column":6},"end":{"line":188,"column":31}},"100":{"start":{"line":189,"column":6},"end":{"line":189,"column":83}},"101":{"start":{"line":190,"column":6},"end":{"line":190,"column":32}},"102":{"start":{"line":191,"column":6},"end":{"line":191,"column":38}},"103":{"start":{"line":196,"column":17},"end":{"line":196,"column":47}},"104":{"start":{"line":197,"column":4},"end":{"line":201,"column":5}},"105":{"start":{"line":198,"column":6},"end":{"line":200,"column":7}},"106":{"start":{"line":199,"column":8},"end":{"line":199,"column":43}},"107":{"start":{"line":205,"column":23},"end":{"line":205,"column":25}},"108":{"start":{"line":206,"column":17},"end":{"line":206,"column":47}},"109":{"start":{"line":207,"column":4},"end":{"line":219,"column":5}},"110":{"start":{"line":208,"column":26},"end":{"line":208,"column":48}},"111":{"start":{"line":209,"column":23},"end":{"line":209,"column":60}},"112":{"start":{"line":210,"column":6},"end":{"line":218,"column":7}},"113":{"start":{"line":211,"column":26},"end":{"line":216,"column":9}},"114":{"start":{"line":217,"column":8},"end":{"line":217,"column":34}},"115":{"start":{"line":220,"column":4},"end":{"line":220,"column":63}},"116":{"start":{"line":224,"column":17},"end":{"line":224,"column":51}},"117":{"start":{"line":225,"column":4},"end":{"line":225,"column":34}},"118":{"start":{"line":229,"column":20},"end":{"line":232,"column":5}},"119":{"start":{"line":233,"column":4},"end":{"line":233,"column":45}},"120":{"start":{"line":237,"column":4},"end":{"line":237,"column":39}},"121":{"start":{"line":241,"column":17},"end":{"line":241,"column":47}},"122":{"start":{"line":242,"column":4},"end":{"line":246,"column":5}},"123":{"start":{"line":243,"column":6},"end":{"line":245,"column":7}},"124":{"start":{"line":244,"column":8},"end":{"line":244,"column":36}},"125":{"start":{"line":250,"column":4},"end":{"line":256,"column":5}},"126":{"start":{"line":251,"column":23},"end":{"line":251,"column":60}},"127":{"start":{"line":252,"column":6},"end":{"line":255,"column":7}},"128":{"start":{"line":253,"column":8},"end":{"line":253,"column":53}},"129":{"start":{"line":254,"column":8},"end":{"line":254,"column":48}},"130":{"start":{"line":259,"column":17},"end":{"line":259,"column":47}},"131":{"start":{"line":260,"column":4},"end":{"line":266,"column":5}},"132":{"start":{"line":261,"column":26},"end":{"line":261,"column":47}},"133":{"start":{"line":262,"column":6},"end":{"line":265,"column":7}},"134":{"start":{"line":263,"column":8},"end":{"line":263,"column":56}},"135":{"start":{"line":264,"column":8},"end":{"line":264,"column":49}},"136":{"start":{"line":270,"column":4},"end":{"line":276,"column":5}},"137":{"start":{"line":271,"column":23},"end":{"line":271,"column":61}},"138":{"start":{"line":272,"column":6},"end":{"line":275,"column":7}},"139":{"start":{"line":273,"column":8},"end":{"line":273,"column":56}},"140":{"start":{"line":274,"column":8},"end":{"line":274,"column":49}},"141":{"start":{"line":280,"column":24},"end":{"line":280,"column":45}},"142":{"start":{"line":281,"column":4},"end":{"line":291,"column":5}},"143":{"start":{"line":282,"column":6},"end":{"line":282,"column":33}},"144":{"start":{"line":283,"column":6},"end":{"line":283,"column":35}},"145":{"start":{"line":284,"column":6},"end":{"line":287,"column":7}},"146":{"start":{"line":285,"column":8},"end":{"line":285,"column":34}},"147":{"start":{"line":286,"column":8},"end":{"line":286,"column":32}},"148":{"start":{"line":288,"column":6},"end":{"line":288,"column":34}},"149":{"start":{"line":290,"column":6},"end":{"line":290,"column":48}},"150":{"start":{"line":295,"column":4},"end":{"line":295,"column":25}},"151":{"start":{"line":296,"column":17},"end":{"line":296,"column":47}},"152":{"start":{"line":297,"column":4},"end":{"line":299,"column":5}},"153":{"start":{"line":298,"column":6},"end":{"line":298,"column":21}},"154":{"start":{"line":303,"column":0},"end":{"line":303,"column":31}}},"fnMap":{"0":{"name":"(anonymous_0)","decl":{"start":{"line":9,"column":2},"end":{"line":9,"column":3}},"loc":{"start":{"line":9,"column":20},"end":{"line":17,"column":3}},"line":9},"1":{"name":"(anonymous_1)","decl":{"start":{"line":19,"column":2},"end":{"line":19,"column":3}},"loc":{"start":{"line":19,"column":15},"end":{"line":21,"column":3}},"line":19},"2":{"name":"(anonymous_2)","decl":{"start":{"line":23,"column":2},"end":{"line":23,"column":3}},"loc":{"start":{"line":23,"column":23},"end":{"line":26,"column":3}},"line":23},"3":{"name":"(anonymous_3)","decl":{"start":{"line":28,"column":2},"end":{"line":28,"column":3}},"loc":{"start":{"line":28,"column":33},"end":{"line":38,"column":3}},"line":28},"4":{"name":"(anonymous_4)","decl":{"start":{"line":40,"column":2},"end":{"line":40,"column":3}},"loc":{"start":{"line":40,"column":15},"end":{"line":42,"column":3}},"line":40},"5":{"name":"(anonymous_5)","decl":{"start":{"line":44,"column":2},"end":{"line":44,"column":3}},"loc":{"start":{"line":44,"column":15},"end":{"line":46,"column":3}},"line":44},"6":{"name":"(anonymous_6)","decl":{"start":{"line":48,"column":2},"end":{"line":48,"column":3}},"loc":{"start":{"line":48,"column":11},"end":{"line":58,"column":3}},"line":48},"7":{"name":"(anonymous_7)","decl":{"start":{"line":53,"column":55},"end":{"line":53,"column":56}},"loc":{"start":{"line":53,"column":62},"end":{"line":53,"column":93}},"line":53},"8":{"name":"(anonymous_8)","decl":{"start":{"line":60,"column":2},"end":{"line":60,"column":3}},"loc":{"start":{"line":60,"column":21},"end":{"line":66,"column":3}},"line":60},"9":{"name":"(anonymous_9)","decl":{"start":{"line":68,"column":2},"end":{"line":68,"column":3}},"loc":{"start":{"line":68,"column":46},"end":{"line":193,"column":3}},"line":68},"10":{"name":"(anonymous_10)","decl":{"start":{"line":91,"column":25},"end":{"line":91,"column":26}},"loc":{"start":{"line":91,"column":33},"end":{"line":178,"column":5}},"line":91},"11":{"name":"(anonymous_11)","decl":{"start":{"line":105,"column":18},"end":{"line":105,"column":19}},"loc":{"start":{"line":105,"column":24},"end":{"line":108,"column":13}},"line":105},"12":{"name":"(anonymous_12)","decl":{"start":{"line":109,"column":19},"end":{"line":109,"column":20}},"loc":{"start":{"line":109,"column":28},"end":{"line":113,"column":13}},"line":109},"13":{"name":"(anonymous_13)","decl":{"start":{"line":144,"column":22},"end":{"line":144,"column":23}},"loc":{"start":{"line":144,"column":28},"end":{"line":146,"column":17}},"line":144},"14":{"name":"(anonymous_14)","decl":{"start":{"line":147,"column":23},"end":{"line":147,"column":24}},"loc":{"start":{"line":147,"column":32},"end":{"line":147,"column":49}},"line":147},"15":{"name":"(anonymous_15)","decl":{"start":{"line":180,"column":23},"end":{"line":180,"column":24}},"loc":{"start":{"line":180,"column":29},"end":{"line":185,"column":5}},"line":180},"16":{"name":"(anonymous_16)","decl":{"start":{"line":187,"column":23},"end":{"line":187,"column":24}},"loc":{"start":{"line":187,"column":32},"end":{"line":192,"column":5}},"line":187},"17":{"name":"(anonymous_17)","decl":{"start":{"line":195,"column":2},"end":{"line":195,"column":3}},"loc":{"start":{"line":195,"column":33},"end":{"line":202,"column":3}},"line":195},"18":{"name":"(anonymous_18)","decl":{"start":{"line":204,"column":2},"end":{"line":204,"column":3}},"loc":{"start":{"line":204,"column":30},"end":{"line":221,"column":3}},"line":204},"19":{"name":"(anonymous_19)","decl":{"start":{"line":223,"column":2},"end":{"line":223,"column":3}},"loc":{"start":{"line":223,"column":47},"end":{"line":226,"column":3}},"line":223},"20":{"name":"(anonymous_20)","decl":{"start":{"line":228,"column":2},"end":{"line":228,"column":3}},"loc":{"start":{"line":228,"column":38},"end":{"line":234,"column":3}},"line":228},"21":{"name":"(anonymous_21)","decl":{"start":{"line":236,"column":2},"end":{"line":236,"column":3}},"loc":{"start":{"line":236,"column":26},"end":{"line":238,"column":3}},"line":236},"22":{"name":"(anonymous_22)","decl":{"start":{"line":240,"column":2},"end":{"line":240,"column":3}},"loc":{"start":{"line":240,"column":35},"end":{"line":247,"column":3}},"line":240},"23":{"name":"(anonymous_23)","decl":{"start":{"line":249,"column":2},"end":{"line":249,"column":3}},"loc":{"start":{"line":249,"column":25},"end":{"line":257,"column":3}},"line":249},"24":{"name":"(anonymous_24)","decl":{"start":{"line":258,"column":2},"end":{"line":258,"column":3}},"loc":{"start":{"line":258,"column":38},"end":{"line":267,"column":3}},"line":258},"25":{"name":"(anonymous_25)","decl":{"start":{"line":269,"column":2},"end":{"line":269,"column":3}},"loc":{"start":{"line":269,"column":27},"end":{"line":277,"column":3}},"line":269},"26":{"name":"(anonymous_26)","decl":{"start":{"line":279,"column":2},"end":{"line":279,"column":3}},"loc":{"start":{"line":279,"column":13},"end":{"line":292,"column":3}},"line":279},"27":{"name":"(anonymous_27)","decl":{"start":{"line":294,"column":2},"end":{"line":294,"column":3}},"loc":{"start":{"line":294,"column":13},"end":{"line":300,"column":3}},"line":294}},"branchMap":{"0":{"loc":{"start":{"line":13,"column":4},"end":{"line":15,"column":5}},"type":"if","locations":[{"start":{"line":13,"column":4},"end":{"line":15,"column":5}},{"start":{"line":13,"column":4},"end":{"line":15,"column":5}}],"line":13},"1":{"loc":{"start":{"line":29,"column":4},"end":{"line":31,"column":5}},"type":"if","locations":[{"start":{"line":29,"column":4},"end":{"line":31,"column":5}},{"start":{"line":29,"column":4},"end":{"line":31,"column":5}}],"line":29},"2":{"loc":{"start":{"line":54,"column":12},"end":{"line":54,"column":42}},"type":"cond-expr","locations":[{"start":{"line":54,"column":19},"end":{"line":54,"column":30}},{"start":{"line":54,"column":33},"end":{"line":54,"column":42}}],"line":54},"3":{"loc":{"start":{"line":80,"column":4},"end":{"line":88,"column":5}},"type":"if","locations":[{"start":{"line":80,"column":4},"end":{"line":88,"column":5}},{"start":{"line":80,"column":4},"end":{"line":88,"column":5}}],"line":80},"4":{"loc":{"start":{"line":84,"column":8},"end":{"line":86,"column":9}},"type":"if","locations":[{"start":{"line":84,"column":8},"end":{"line":86,"column":9}},{"start":{"line":84,"column":8},"end":{"line":86,"column":9}}],"line":84},"5":{"loc":{"start":{"line":84,"column":12},"end":{"line":84,"column":93}},"type":"binary-expr","locations":[{"start":{"line":84,"column":12},"end":{"line":84,"column":47}},{"start":{"line":84,"column":51},"end":{"line":84,"column":93}}],"line":84},"6":{"loc":{"start":{"line":95,"column":6},"end":{"line":177,"column":7}},"type":"switch","locations":[{"start":{"line":96,"column":8},"end":{"line":115,"column":15}},{"start":{"line":116,"column":8},"end":{"line":121,"column":15}},{"start":{"line":122,"column":8},"end":{"line":136,"column":15}},{"start":{"line":137,"column":8},"end":{"line":154,"column":15}},{"start":{"line":155,"column":8},"end":{"line":159,"column":15}},{"start":{"line":160,"column":8},"end":{"line":165,"column":15}},{"start":{"line":166,"column":8},"end":{"line":169,"column":15}},{"start":{"line":170,"column":8},"end":{"line":170,"column":20}},{"start":{"line":171,"column":8},"end":{"line":173,"column":15}},{"start":{"line":174,"column":8},"end":{"line":176,"column":35}}],"line":95},"7":{"loc":{"start":{"line":97,"column":10},"end":{"line":101,"column":11}},"type":"if","locations":[{"start":{"line":97,"column":10},"end":{"line":101,"column":11}},{"start":{"line":97,"column":10},"end":{"line":101,"column":11}}],"line":97},"8":{"loc":{"start":{"line":118,"column":10},"end":{"line":120,"column":11}},"type":"if","locations":[{"start":{"line":118,"column":10},"end":{"line":120,"column":11}},{"start":{"line":118,"column":10},"end":{"line":120,"column":11}}],"line":118},"9":{"loc":{"start":{"line":118,"column":14},"end":{"line":118,"column":62}},"type":"binary-expr","locations":[{"start":{"line":118,"column":14},"end":{"line":118,"column":25}},{"start":{"line":118,"column":29},"end":{"line":118,"column":62}}],"line":118},"10":{"loc":{"start":{"line":125,"column":12},"end":{"line":134,"column":13}},"type":"if","locations":[{"start":{"line":125,"column":12},"end":{"line":134,"column":13}},{"start":{"line":125,"column":12},"end":{"line":134,"column":13}}],"line":125},"11":{"loc":{"start":{"line":140,"column":12},"end":{"line":152,"column":13}},"type":"if","locations":[{"start":{"line":140,"column":12},"end":{"line":152,"column":13}},{"start":{"line":140,"column":12},"end":{"line":152,"column":13}}],"line":140},"12":{"loc":{"start":{"line":156,"column":10},"end":{"line":158,"column":11}},"type":"if","locations":[{"start":{"line":156,"column":10},"end":{"line":158,"column":11}},{"start":{"line":156,"column":10},"end":{"line":158,"column":11}}],"line":156},"13":{"loc":{"start":{"line":156,"column":14},"end":{"line":156,"column":63}},"type":"binary-expr","locations":[{"start":{"line":156,"column":14},"end":{"line":156,"column":25}},{"start":{"line":156,"column":29},"end":{"line":156,"column":63}}],"line":156},"14":{"loc":{"start":{"line":161,"column":10},"end":{"line":164,"column":11}},"type":"if","locations":[{"start":{"line":161,"column":10},"end":{"line":164,"column":11}},{"start":{"line":161,"column":10},"end":{"line":164,"column":11}}],"line":161},"15":{"loc":{"start":{"line":161,"column":14},"end":{"line":161,"column":63}},"type":"binary-expr","locations":[{"start":{"line":161,"column":14},"end":{"line":161,"column":25}},{"start":{"line":161,"column":29},"end":{"line":161,"column":63}}],"line":161},"16":{"loc":{"start":{"line":172,"column":34},"end":{"line":172,"column":73}},"type":"cond-expr","locations":[{"start":{"line":172,"column":58},"end":{"line":172,"column":64}},{"start":{"line":172,"column":67},"end":{"line":172,"column":73}}],"line":172},"17":{"loc":{"start":{"line":195,"column":18},"end":{"line":195,"column":31}},"type":"default-arg","locations":[{"start":{"line":195,"column":29},"end":{"line":195,"column":31}}],"line":195},"18":{"loc":{"start":{"line":198,"column":6},"end":{"line":200,"column":7}},"type":"if","locations":[{"start":{"line":198,"column":6},"end":{"line":200,"column":7}},{"start":{"line":198,"column":6},"end":{"line":200,"column":7}}],"line":198},"19":{"loc":{"start":{"line":210,"column":6},"end":{"line":218,"column":7}},"type":"if","locations":[{"start":{"line":210,"column":6},"end":{"line":218,"column":7}},{"start":{"line":210,"column":6},"end":{"line":218,"column":7}}],"line":210},"20":{"loc":{"start":{"line":223,"column":32},"end":{"line":223,"column":45}},"type":"default-arg","locations":[{"start":{"line":223,"column":43},"end":{"line":223,"column":45}}],"line":223},"21":{"loc":{"start":{"line":243,"column":6},"end":{"line":245,"column":7}},"type":"if","locations":[{"start":{"line":243,"column":6},"end":{"line":245,"column":7}},{"start":{"line":243,"column":6},"end":{"line":245,"column":7}}],"line":243},"22":{"loc":{"start":{"line":243,"column":10},"end":{"line":243,"column":91}},"type":"binary-expr","locations":[{"start":{"line":243,"column":10},"end":{"line":243,"column":44}},{"start":{"line":243,"column":48},"end":{"line":243,"column":91}}],"line":243},"23":{"loc":{"start":{"line":250,"column":4},"end":{"line":256,"column":5}},"type":"if","locations":[{"start":{"line":250,"column":4},"end":{"line":256,"column":5}},{"start":{"line":250,"column":4},"end":{"line":256,"column":5}}],"line":250},"24":{"loc":{"start":{"line":250,"column":8},"end":{"line":250,"column":47}},"type":"binary-expr","locations":[{"start":{"line":250,"column":8},"end":{"line":250,"column":19}},{"start":{"line":250,"column":23},"end":{"line":250,"column":47}}],"line":250},"25":{"loc":{"start":{"line":262,"column":6},"end":{"line":265,"column":7}},"type":"if","locations":[{"start":{"line":262,"column":6},"end":{"line":265,"column":7}},{"start":{"line":262,"column":6},"end":{"line":265,"column":7}}],"line":262},"26":{"loc":{"start":{"line":270,"column":4},"end":{"line":276,"column":5}},"type":"if","locations":[{"start":{"line":270,"column":4},"end":{"line":276,"column":5}},{"start":{"line":270,"column":4},"end":{"line":276,"column":5}}],"line":270},"27":{"loc":{"start":{"line":270,"column":8},"end":{"line":270,"column":48}},"type":"binary-expr","locations":[{"start":{"line":270,"column":8},"end":{"line":270,"column":19}},{"start":{"line":270,"column":23},"end":{"line":270,"column":48}}],"line":270},"28":{"loc":{"start":{"line":281,"column":4},"end":{"line":291,"column":5}},"type":"if","locations":[{"start":{"line":281,"column":4},"end":{"line":291,"column":5}},{"start":{"line":281,"column":4},"end":{"line":291,"column":5}}],"line":281},"29":{"loc":{"start":{"line":284,"column":6},"end":{"line":287,"column":7}},"type":"if","locations":[{"start":{"line":284,"column":6},"end":{"line":287,"column":7}},{"start":{"line":284,"column":6},"end":{"line":287,"column":7}}],"line":284}},"s":{"0":1,"1":1,"2":1,"3":1,"4":1,"5":1,"6":3,"7":3,"8":3,"9":3,"10":1,"11":3,"12":7,"13":1,"14":1,"15":0,"16":0,"17":0,"18":0,"19":4,"20":0,"21":0,"22":0,"23":0,"24":0,"25":0,"26":0,"27":0,"28":0,"29":0,"30":0,"31":0,"32":0,"33":0,"34":0,"35":0,"36":0,"37":0,"38":0,"39":0,"40":0,"41":0,"42":0,"43":0,"44":0,"45":0,"46":0,"47":0,"48":0,"49":0,"50":0,"51":0,"52":0,"53":0,"54":0,"55":0,"56":0,"57":0,"58":0,"59":0,"60":0,"61":0,"62":0,"63":0,"64":0,"65":0,"66":0,"67":0,"68":0,"69":0,"70":0,"71":0,"72":0,"73":0,"74":0,"75":0,"76":0,"77":0,"78":0,"79":0,"80":0,"81":0,"82":0,"83":0,"84":0,"85":0,"86":0,"87":0,"88":0,"89":0,"90":0,"91":0,"92":0,"93":0,"94":0,"95":0,"96":0,"97":0,"98":0,"99":0,"100":0,"101":0,"102":0,"103":0,"104":0,"105":0,"106":0,"107":0,"108":0,"109":0,"110":0,"111":0,"112":0,"113":0,"114":0,"115":0,"116":0,"117":0,"118":0,"119":0,"120":0,"121":0,"122":0,"123":0,"124":0,"125":0,"126":0,"127":0,"128":0,"129":0,"130":0,"131":0,"132":0,"133":0,"134":0,"135":0,"136":0,"137":0,"138":0,"139":0,"140":0,"141":0,"142":0,"143":0,"144":0,"145":0,"146":0,"147":0,"148":0,"149":0,"150":1,"151":1,"152":1,"153":0,"154":1},"f":{"0":3,"1":7,"2":1,"3":0,"4":4,"5":0,"6":0,"7":0,"8":0,"9":0,"10":0,"11":0,"12":0,"13":0,"14":0,"15":0,"16":0,"17":0,"18":0,"19":0,"20":0,"21":0,"22":0,"23":0,"24":0,"25":0,"26":0,"27":1},"b":{"0":[1,2],"1":[0,0],"2":[0,0],"3":[0,0],"4":[0,0],"5":[0,0],"6":[0,0,0,0,0,0,0,0,0,0],"7":[0,0],"8":[0,0],"9":[0,0],"10":[0,0],"11":[0,0],"12":[0,0],"13":[0,0],"14":[0,0],"15":[0,0],"16":[0,0],"17":[0],"18":[0,0],"19":[0,0],"20":[0],"21":[0,0],"22":[0,0],"23":[0,0],"24":[0,0],"25":[0,0],"26":[0,0],"27":[0,0],"28":[0,0],"29":[0,0]},"_coverageSchema":"43e27e138ebf9cfc5966b082cf9a028302ed4184","hash":"eb19945186f8ac93ae57f60adf2631f2de47934b","contentHash":"1a287e84e11e529ca56dab1a0ffa66da38395e0b07cb3b8605563e634800cdc7"},"C:\\WWWR00T\\test\\pre-experto\\backend\\src\\rtc\\room-participant.js":{"path":"C:\\WWWR00T\\test\\pre-experto\\backend\\src\\rtc\\room-participant.js","statementMap":{"0":{"start":{"line":3,"column":4},"end":{"line":3,"column":16}},"1":{"start":{"line":4,"column":4},"end":{"line":4,"column":20}},"2":{"start":{"line":5,"column":4},"end":{"line":5,"column":20}},"3":{"start":{"line":6,"column":4},"end":{"line":6,"column":24}},"4":{"start":{"line":7,"column":4},"end":{"line":7,"column":26}},"5":{"start":{"line":8,"column":4},"end":{"line":8,"column":27}},"6":{"start":{"line":12,"column":4},"end":{"line":12,"column":41}},"7":{"start":{"line":16,"column":4},"end":{"line":16,"column":43}},"8":{"start":{"line":20,"column":4},"end":{"line":28,"column":5}},"9":{"start":{"line":32,"column":4},"end":{"line":43,"column":5}},"10":{"start":{"line":34,"column":6},"end":{"line":34,"column":25}},"11":{"start":{"line":36,"column":6},"end":{"line":36,"column":19}},"12":{"start":{"line":38,"column":6},"end":{"line":38,"column":22}},"13":{"start":{"line":40,"column":6},"end":{"line":40,"column":21}},"14":{"start":{"line":42,"column":6},"end":{"line":42,"column":24}},"15":{"start":{"line":47,"column":4},"end":{"line":47,"column":24}},"16":{"start":{"line":51,"column":4},"end":{"line":53,"column":5}},"17":{"start":{"line":52,"column":6},"end":{"line":52,"column":25}},"18":{"start":{"line":54,"column":4},"end":{"line":54,"column":22}},"19":{"start":{"line":58,"column":4},"end":{"line":58,"column":54}},"20":{"start":{"line":62,"column":4},"end":{"line":66,"column":5}},"21":{"start":{"line":63,"column":6},"end":{"line":63,"column":28}},"22":{"start":{"line":65,"column":6},"end":{"line":65,"column":27}},"23":{"start":{"line":70,"column":4},"end":{"line":70,"column":52}},"24":{"start":{"line":74,"column":4},"end":{"line":74,"column":61}},"25":{"start":{"line":78,"column":0},"end":{"line":78,"column":32}}},"fnMap":{"0":{"name":"(anonymous_0)","decl":{"start":{"line":2,"column":2},"end":{"line":2,"column":3}},"loc":{"start":{"line":2,"column":38},"end":{"line":9,"column":3}},"line":2},"1":{"name":"(anonymous_1)","decl":{"start":{"line":11,"column":2},"end":{"line":11,"column":3}},"loc":{"start":{"line":11,"column":15},"end":{"line":13,"column":3}},"line":11},"2":{"name":"(anonymous_2)","decl":{"start":{"line":15,"column":2},"end":{"line":15,"column":3}},"loc":{"start":{"line":15,"column":17},"end":{"line":17,"column":3}},"line":15},"3":{"name":"(anonymous_3)","decl":{"start":{"line":19,"column":2},"end":{"line":19,"column":3}},"loc":{"start":{"line":19,"column":11},"end":{"line":29,"column":3}},"line":19},"4":{"name":"(anonymous_4)","decl":{"start":{"line":31,"column":2},"end":{"line":31,"column":3}},"loc":{"start":{"line":31,"column":27},"end":{"line":44,"column":3}},"line":31},"5":{"name":"(anonymous_5)","decl":{"start":{"line":46,"column":2},"end":{"line":46,"column":3}},"loc":{"start":{"line":46,"column":18},"end":{"line":48,"column":3}},"line":46},"6":{"name":"(anonymous_6)","decl":{"start":{"line":50,"column":2},"end":{"line":50,"column":3}},"loc":{"start":{"line":50,"column":15},"end":{"line":55,"column":3}},"line":50},"7":{"name":"(anonymous_7)","decl":{"start":{"line":57,"column":2},"end":{"line":57,"column":3}},"loc":{"start":{"line":57,"column":11},"end":{"line":59,"column":3}},"line":57},"8":{"name":"(anonymous_8)","decl":{"start":{"line":61,"column":2},"end":{"line":61,"column":3}},"loc":{"start":{"line":61,"column":16},"end":{"line":67,"column":3}},"line":61},"9":{"name":"(anonymous_9)","decl":{"start":{"line":69,"column":2},"end":{"line":69,"column":3}},"loc":{"start":{"line":69,"column":27},"end":{"line":71,"column":3}},"line":69},"10":{"name":"(anonymous_10)","decl":{"start":{"line":73,"column":2},"end":{"line":73,"column":3}},"loc":{"start":{"line":73,"column":45},"end":{"line":75,"column":3}},"line":73}},"branchMap":{"0":{"loc":{"start":{"line":25,"column":24},"end":{"line":25,"column":94}},"type":"binary-expr","locations":[{"start":{"line":25,"column":24},"end":{"line":25,"column":44}},{"start":{"line":25,"column":48},"end":{"line":25,"column":94}}],"line":25},"1":{"loc":{"start":{"line":32,"column":4},"end":{"line":43,"column":5}},"type":"switch","locations":[{"start":{"line":33,"column":4},"end":{"line":34,"column":25}},{"start":{"line":35,"column":4},"end":{"line":36,"column":19}},{"start":{"line":37,"column":4},"end":{"line":38,"column":22}},{"start":{"line":39,"column":4},"end":{"line":40,"column":21}},{"start":{"line":41,"column":4},"end":{"line":42,"column":24}}],"line":32},"2":{"loc":{"start":{"line":51,"column":4},"end":{"line":53,"column":5}},"type":"if","locations":[{"start":{"line":51,"column":4},"end":{"line":53,"column":5}},{"start":{"line":51,"column":4},"end":{"line":53,"column":5}}],"line":51},"3":{"loc":{"start":{"line":58,"column":11},"end":{"line":58,"column":54}},"type":"binary-expr","locations":[{"start":{"line":58,"column":11},"end":{"line":58,"column":22}},{"start":{"line":58,"column":26},"end":{"line":58,"column":54}}],"line":58},"4":{"loc":{"start":{"line":62,"column":4},"end":{"line":66,"column":5}},"type":"if","locations":[{"start":{"line":62,"column":4},"end":{"line":66,"column":5}},{"start":{"line":62,"column":4},"end":{"line":66,"column":5}}],"line":62}},"s":{"0":0,"1":0,"2":0,"3":0,"4":0,"5":0,"6":0,"7":0,"8":0,"9":0,"10":0,"11":0,"12":0,"13":0,"14":0,"15":0,"16":0,"17":0,"18":0,"19":0,"20":0,"21":0,"22":0,"23":0,"24":0,"25":1},"f":{"0":0,"1":0,"2":0,"3":0,"4":0,"5":0,"6":0,"7":0,"8":0,"9":0,"10":0},"b":{"0":[0,0],"1":[0,0,0,0,0],"2":[0,0],"3":[0,0],"4":[0,0]},"_coverageSchema":"43e27e138ebf9cfc5966b082cf9a028302ed4184","hash":"0857fa7e091fc0a7242f85c3659bba15151f673b","contentHash":"0f6efbdbde7abf1dacc3e4541155d2ff98a3af3e4f2ed3c68f169594161fa1cf"},"C:\\WWWR00T\\test\\pre-experto\\backend\\src\\rtc\\room-publication.js":{"path":"C:\\WWWR00T\\test\\pre-experto\\backend\\src\\rtc\\room-publication.js","statementMap":{"0":{"start":{"line":1,"column":16},"end":{"line":1,"column":41}},"1":{"start":{"line":13,"column":4},"end":{"line":13,"column":30}},"2":{"start":{"line":17,"column":4},"end":{"line":17,"column":34}},"3":{"start":{"line":18,"column":4},"end":{"line":18,"column":26}},"4":{"start":{"line":19,"column":4},"end":{"line":19,"column":20}},"5":{"start":{"line":20,"column":4},"end":{"line":20,"column":24}},"6":{"start":{"line":21,"column":4},"end":{"line":21,"column":24}},"7":{"start":{"line":22,"column":4},"end":{"line":22,"column":24}},"8":{"start":{"line":23,"column":4},"end":{"line":23,"column":19}},"9":{"start":{"line":24,"column":4},"end":{"line":24,"column":26}},"10":{"start":{"line":25,"column":4},"end":{"line":25,"column":36}},"11":{"start":{"line":26,"column":4},"end":{"line":26,"column":29}},"12":{"start":{"line":30,"column":4},"end":{"line":30,"column":46}},"13":{"start":{"line":33,"column":4},"end":{"line":33,"column":48}},"14":{"start":{"line":37,"column":4},"end":{"line":45,"column":5}},"15":{"start":{"line":49,"column":4},"end":{"line":92,"column":5}},"16":{"start":{"line":50,"column":6},"end":{"line":50,"column":31}},"17":{"start":{"line":51,"column":6},"end":{"line":51,"column":50}},"18":{"start":{"line":52,"column":6},"end":{"line":52,"column":64}},"19":{"start":{"line":54,"column":6},"end":{"line":57,"column":8}},"20":{"start":{"line":55,"column":24},"end":{"line":55,"column":79}},"21":{"start":{"line":56,"column":8},"end":{"line":56,"column":102}},"22":{"start":{"line":59,"column":20},"end":{"line":59,"column":73}},"23":{"start":{"line":60,"column":6},"end":{"line":60,"column":53}},"24":{"start":{"line":62,"column":6},"end":{"line":80,"column":7}},"25":{"start":{"line":63,"column":8},"end":{"line":63,"column":79}},"26":{"start":{"line":64,"column":8},"end":{"line":64,"column":31}},"27":{"start":{"line":66,"column":8},"end":{"line":66,"column":40}},"28":{"start":{"line":67,"column":8},"end":{"line":70,"column":10}},"29":{"start":{"line":68,"column":10},"end":{"line":68,"column":41}},"30":{"start":{"line":69,"column":10},"end":{"line":69,"column":37}},"31":{"start":{"line":71,"column":8},"end":{"line":74,"column":10}},"32":{"start":{"line":72,"column":10},"end":{"line":72,"column":44}},"33":{"start":{"line":73,"column":10},"end":{"line":73,"column":40}},"34":{"start":{"line":75,"column":8},"end":{"line":78,"column":10}},"35":{"start":{"line":76,"column":10},"end":{"line":76,"column":42}},"36":{"start":{"line":77,"column":10},"end":{"line":77,"column":38}},"37":{"start":{"line":79,"column":8},"end":{"line":79,"column":80}},"38":{"start":{"line":82,"column":6},"end":{"line":87,"column":7}},"39":{"start":{"line":83,"column":8},"end":{"line":86,"column":9}},"40":{"start":{"line":84,"column":28},"end":{"line":84,"column":56}},"41":{"start":{"line":85,"column":10},"end":{"line":85,"column":50}},"42":{"start":{"line":88,"column":6},"end":{"line":88,"column":50}},"43":{"start":{"line":90,"column":6},"end":{"line":90,"column":23}},"44":{"start":{"line":91,"column":6},"end":{"line":91,"column":34}},"45":{"start":{"line":96,"column":4},"end":{"line":112,"column":6}},"46":{"start":{"line":97,"column":6},"end":{"line":106,"column":8}},"47":{"start":{"line":98,"column":8},"end":{"line":101,"column":9}},"48":{"start":{"line":99,"column":10},"end":{"line":99,"column":33}},"49":{"start":{"line":100,"column":10},"end":{"line":100,"column":30}},"50":{"start":{"line":102,"column":8},"end":{"line":102,"column":29}},"51":{"start":{"line":103,"column":8},"end":{"line":103,"column":35}},"52":{"start":{"line":104,"column":8},"end":{"line":104,"column":103}},"53":{"start":{"line":105,"column":8},"end":{"line":105,"column":26}},"54":{"start":{"line":107,"column":6},"end":{"line":111,"column":8}},"55":{"start":{"line":108,"column":8},"end":{"line":110,"column":9}},"56":{"start":{"line":109,"column":10},"end":{"line":109,"column":23}},"57":{"start":{"line":116,"column":20},"end":{"line":116,"column":67}},"58":{"start":{"line":117,"column":4},"end":{"line":123,"column":5}},"59":{"start":{"line":118,"column":6},"end":{"line":118,"column":43}},"60":{"start":{"line":119,"column":6},"end":{"line":119,"column":46}},"61":{"start":{"line":121,"column":6},"end":{"line":121,"column":46}},"62":{"start":{"line":122,"column":6},"end":{"line":122,"column":42}},"63":{"start":{"line":127,"column":4},"end":{"line":127,"column":37}},"64":{"start":{"line":129,"column":4},"end":{"line":132,"column":5}},"65":{"start":{"line":130,"column":6},"end":{"line":130,"column":29}},"66":{"start":{"line":131,"column":6},"end":{"line":131,"column":26}},"67":{"start":{"line":133,"column":4},"end":{"line":136,"column":5}},"68":{"start":{"line":134,"column":6},"end":{"line":134,"column":29}},"69":{"start":{"line":135,"column":6},"end":{"line":135,"column":26}},"70":{"start":{"line":137,"column":4},"end":{"line":143,"column":5}},"71":{"start":{"line":138,"column":6},"end":{"line":140,"column":7}},"72":{"start":{"line":139,"column":8},"end":{"line":139,"column":28}},"73":{"start":{"line":141,"column":6},"end":{"line":141,"column":29}},"74":{"start":{"line":142,"column":6},"end":{"line":142,"column":26}},"75":{"start":{"line":144,"column":4},"end":{"line":144,"column":29}},"76":{"start":{"line":145,"column":4},"end":{"line":145,"column":26}},"77":{"start":{"line":146,"column":4},"end":{"line":146,"column":19}},"78":{"start":{"line":147,"column":4},"end":{"line":147,"column":23}},"79":{"start":{"line":151,"column":4},"end":{"line":151,"column":40}},"80":{"start":{"line":152,"column":4},"end":{"line":152,"column":31}},"81":{"start":{"line":156,"column":4},"end":{"line":156,"column":40}},"82":{"start":{"line":157,"column":4},"end":{"line":157,"column":32}},"83":{"start":{"line":161,"column":4},"end":{"line":161,"column":39}},"84":{"start":{"line":162,"column":4},"end":{"line":162,"column":33}},"85":{"start":{"line":166,"column":0},"end":{"line":166,"column":33}}},"fnMap":{"0":{"name":"(anonymous_0)","decl":{"start":{"line":16,"column":2},"end":{"line":16,"column":3}},"loc":{"start":{"line":16,"column":49},"end":{"line":27,"column":3}},"line":16},"1":{"name":"(anonymous_1)","decl":{"start":{"line":29,"column":2},"end":{"line":29,"column":3}},"loc":{"start":{"line":29,"column":15},"end":{"line":31,"column":3}},"line":29},"2":{"name":"(anonymous_2)","decl":{"start":{"line":32,"column":2},"end":{"line":32,"column":3}},"loc":{"start":{"line":32,"column":17},"end":{"line":34,"column":3}},"line":32},"3":{"name":"(anonymous_3)","decl":{"start":{"line":36,"column":2},"end":{"line":36,"column":3}},"loc":{"start":{"line":36,"column":11},"end":{"line":46,"column":3}},"line":36},"4":{"name":"(anonymous_4)","decl":{"start":{"line":48,"column":2},"end":{"line":48,"column":3}},"loc":{"start":{"line":48,"column":26},"end":{"line":93,"column":3}},"line":48},"5":{"name":"(anonymous_5)","decl":{"start":{"line":54,"column":41},"end":{"line":54,"column":42}},"loc":{"start":{"line":54,"column":50},"end":{"line":57,"column":7}},"line":54},"6":{"name":"(anonymous_6)","decl":{"start":{"line":67,"column":35},"end":{"line":67,"column":36}},"loc":{"start":{"line":67,"column":44},"end":{"line":70,"column":9}},"line":67},"7":{"name":"(anonymous_7)","decl":{"start":{"line":71,"column":38},"end":{"line":71,"column":39}},"loc":{"start":{"line":71,"column":47},"end":{"line":74,"column":9}},"line":71},"8":{"name":"(anonymous_8)","decl":{"start":{"line":75,"column":36},"end":{"line":75,"column":37}},"loc":{"start":{"line":75,"column":45},"end":{"line":78,"column":9}},"line":75},"9":{"name":"(anonymous_9)","decl":{"start":{"line":95,"column":2},"end":{"line":95,"column":3}},"loc":{"start":{"line":95,"column":29},"end":{"line":113,"column":3}},"line":95},"10":{"name":"(anonymous_10)","decl":{"start":{"line":96,"column":23},"end":{"line":96,"column":24}},"loc":{"start":{"line":96,"column":44},"end":{"line":112,"column":5}},"line":96},"11":{"name":"(anonymous_11)","decl":{"start":{"line":97,"column":43},"end":{"line":97,"column":44}},"loc":{"start":{"line":97,"column":65},"end":{"line":106,"column":7}},"line":97},"12":{"name":"(anonymous_12)","decl":{"start":{"line":107,"column":37},"end":{"line":107,"column":38}},"loc":{"start":{"line":107,"column":46},"end":{"line":111,"column":7}},"line":107},"13":{"name":"(anonymous_13)","decl":{"start":{"line":115,"column":2},"end":{"line":115,"column":3}},"loc":{"start":{"line":115,"column":27},"end":{"line":124,"column":3}},"line":115},"14":{"name":"(anonymous_14)","decl":{"start":{"line":126,"column":2},"end":{"line":126,"column":3}},"loc":{"start":{"line":126,"column":14},"end":{"line":148,"column":3}},"line":126},"15":{"name":"(anonymous_15)","decl":{"start":{"line":150,"column":2},"end":{"line":150,"column":3}},"loc":{"start":{"line":150,"column":25},"end":{"line":153,"column":3}},"line":150},"16":{"name":"(anonymous_16)","decl":{"start":{"line":155,"column":2},"end":{"line":155,"column":3}},"loc":{"start":{"line":155,"column":25},"end":{"line":158,"column":3}},"line":155},"17":{"name":"(anonymous_17)","decl":{"start":{"line":160,"column":2},"end":{"line":160,"column":3}},"loc":{"start":{"line":160,"column":24},"end":{"line":163,"column":3}},"line":160}},"branchMap":{"0":{"loc":{"start":{"line":16,"column":36},"end":{"line":16,"column":47}},"type":"default-arg","locations":[{"start":{"line":16,"column":43},"end":{"line":16,"column":47}}],"line":16},"1":{"loc":{"start":{"line":59,"column":20},"end":{"line":59,"column":73}},"type":"cond-expr","locations":[{"start":{"line":59,"column":58},"end":{"line":59,"column":64}},{"start":{"line":59,"column":67},"end":{"line":59,"column":73}}],"line":59},"2":{"loc":{"start":{"line":62,"column":6},"end":{"line":80,"column":7}},"type":"if","locations":[{"start":{"line":62,"column":6},"end":{"line":80,"column":7}},{"start":{"line":62,"column":6},"end":{"line":80,"column":7}}],"line":62},"3":{"loc":{"start":{"line":82,"column":6},"end":{"line":87,"column":7}},"type":"if","locations":[{"start":{"line":82,"column":6},"end":{"line":87,"column":7}},{"start":{"line":82,"column":6},"end":{"line":87,"column":7}}],"line":82},"4":{"loc":{"start":{"line":98,"column":8},"end":{"line":101,"column":9}},"type":"if","locations":[{"start":{"line":98,"column":8},"end":{"line":101,"column":9}},{"start":{"line":98,"column":8},"end":{"line":101,"column":9}}],"line":98},"5":{"loc":{"start":{"line":108,"column":8},"end":{"line":110,"column":9}},"type":"if","locations":[{"start":{"line":108,"column":8},"end":{"line":110,"column":9}},{"start":{"line":108,"column":8},"end":{"line":110,"column":9}}],"line":108},"6":{"loc":{"start":{"line":117,"column":4},"end":{"line":123,"column":5}},"type":"if","locations":[{"start":{"line":117,"column":4},"end":{"line":123,"column":5}},{"start":{"line":117,"column":4},"end":{"line":123,"column":5}}],"line":117},"7":{"loc":{"start":{"line":129,"column":4},"end":{"line":132,"column":5}},"type":"if","locations":[{"start":{"line":129,"column":4},"end":{"line":132,"column":5}},{"start":{"line":129,"column":4},"end":{"line":132,"column":5}}],"line":129},"8":{"loc":{"start":{"line":133,"column":4},"end":{"line":136,"column":5}},"type":"if","locations":[{"start":{"line":133,"column":4},"end":{"line":136,"column":5}},{"start":{"line":133,"column":4},"end":{"line":136,"column":5}}],"line":133},"9":{"loc":{"start":{"line":137,"column":4},"end":{"line":143,"column":5}},"type":"if","locations":[{"start":{"line":137,"column":4},"end":{"line":143,"column":5}},{"start":{"line":137,"column":4},"end":{"line":143,"column":5}}],"line":137},"10":{"loc":{"start":{"line":138,"column":6},"end":{"line":140,"column":7}},"type":"if","locations":[{"start":{"line":138,"column":6},"end":{"line":140,"column":7}},{"start":{"line":138,"column":6},"end":{"line":140,"column":7}}],"line":138}},"s":{"0":1,"1":1,"2":0,"3":0,"4":0,"5":0,"6":0,"7":0,"8":0,"9":0,"10":0,"11":0,"12":0,"13":0,"14":0,"15":0,"16":0,"17":0,"18":0,"19":0,"20":0,"21":0,"22":0,"23":0,"24":0,"25":0,"26":0,"27":0,"28":0,"29":0,"30":0,"31":0,"32":0,"33":0,"34":0,"35":0,"36":0,"37":0,"38":0,"39":0,"40":0,"41":0,"42":0,"43":0,"44":0,"45":0,"46":0,"47":0,"48":0,"49":0,"50":0,"51":0,"52":0,"53":0,"54":0,"55":0,"56":0,"57":0,"58":0,"59":0,"60":0,"61":0,"62":0,"63":0,"64":0,"65":0,"66":0,"67":0,"68":0,"69":0,"70":0,"71":0,"72":0,"73":0,"74":0,"75":0,"76":0,"77":0,"78":0,"79":0,"80":0,"81":0,"82":0,"83":0,"84":0,"85":1},"f":{"0":0,"1":0,"2":0,"3":0,"4":0,"5":0,"6":0,"7":0,"8":0,"9":0,"10":0,"11":0,"12":0,"13":0,"14":0,"15":0,"16":0,"17":0},"b":{"0":[0],"1":[0,0],"2":[0,0],"3":[0,0],"4":[0,0],"5":[0,0],"6":[0,0],"7":[0,0],"8":[0,0],"9":[0,0],"10":[0,0]},"_coverageSchema":"43e27e138ebf9cfc5966b082cf9a028302ed4184","hash":"0a2fcea26dff3c0ea43ebeadf51ec74fe0bce232","contentHash":"80723016554a245a385429f8a1015983cf1298e50be86014364988baa899f193"},"C:\\WWWR00T\\test\\pre-experto\\backend\\src\\rtc\\kurento-calls.js":{"path":"C:\\WWWR00T\\test\\pre-experto\\backend\\src\\rtc\\kurento-calls.js","statementMap":{"0":{"start":{"line":1,"column":11},"end":{"line":1,"column":24}},"1":{"start":{"line":2,"column":16},"end":{"line":2,"column":41}},"2":{"start":{"line":3,"column":24},"end":{"line":3,"column":28}},"3":{"start":{"line":5,"column":2},"end":{"line":7,"column":3}},"4":{"start":{"line":6,"column":4},"end":{"line":6,"column":28}},"5":{"start":{"line":8,"column":2},"end":{"line":17,"column":4}},"6":{"start":{"line":9,"column":4},"end":{"line":16,"column":6}},"7":{"start":{"line":10,"column":6},"end":{"line":15,"column":7}},"8":{"start":{"line":11,"column":8},"end":{"line":11,"column":99}},"9":{"start":{"line":13,"column":8},"end":{"line":13,"column":34}},"10":{"start":{"line":14,"column":8},"end":{"line":14,"column":30}},"11":{"start":{"line":21,"column":2},"end":{"line":23,"column":3}},"12":{"start":{"line":22,"column":4},"end":{"line":22,"column":61}},"13":{"start":{"line":24,"column":2},"end":{"line":32,"column":4}},"14":{"start":{"line":25,"column":4},"end":{"line":31,"column":6}},"15":{"start":{"line":26,"column":6},"end":{"line":30,"column":7}},"16":{"start":{"line":27,"column":8},"end":{"line":27,"column":92}},"17":{"start":{"line":29,"column":8},"end":{"line":29,"column":32}},"18":{"start":{"line":36,"column":2},"end":{"line":38,"column":3}},"19":{"start":{"line":37,"column":4},"end":{"line":37,"column":51}},"20":{"start":{"line":39,"column":2},"end":{"line":48,"column":4}},"21":{"start":{"line":40,"column":4},"end":{"line":47,"column":6}},"22":{"start":{"line":41,"column":6},"end":{"line":46,"column":7}},"23":{"start":{"line":42,"column":8},"end":{"line":42,"column":26}},"24":{"start":{"line":43,"column":8},"end":{"line":43,"column":92}},"25":{"start":{"line":45,"column":8},"end":{"line":45,"column":38}},"26":{"start":{"line":52,"column":2},"end":{"line":61,"column":4}},"27":{"start":{"line":53,"column":4},"end":{"line":60,"column":6}},"28":{"start":{"line":54,"column":6},"end":{"line":59,"column":7}},"29":{"start":{"line":55,"column":8},"end":{"line":55,"column":26}},"30":{"start":{"line":56,"column":8},"end":{"line":56,"column":87}},"31":{"start":{"line":58,"column":8},"end":{"line":58,"column":24}},"32":{"start":{"line":65,"column":2},"end":{"line":72,"column":4}},"33":{"start":{"line":66,"column":4},"end":{"line":71,"column":6}},"34":{"start":{"line":67,"column":6},"end":{"line":69,"column":7}},"35":{"start":{"line":68,"column":8},"end":{"line":68,"column":21}},"36":{"start":{"line":70,"column":6},"end":{"line":70,"column":23}},"37":{"start":{"line":76,"column":2},"end":{"line":99,"column":4}},"38":{"start":{"line":77,"column":18},"end":{"line":77,"column":32}},"39":{"start":{"line":78,"column":17},"end":{"line":81,"column":5}},"40":{"start":{"line":83,"column":4},"end":{"line":98,"column":5}},"41":{"start":{"line":91,"column":8},"end":{"line":93,"column":9}},"42":{"start":{"line":92,"column":10},"end":{"line":92,"column":23}},"43":{"start":{"line":94,"column":8},"end":{"line":94,"column":36}},"44":{"start":{"line":95,"column":8},"end":{"line":95,"column":37}},"45":{"start":{"line":96,"column":8},"end":{"line":96,"column":28}},"46":{"start":{"line":103,"column":2},"end":{"line":110,"column":4}},"47":{"start":{"line":104,"column":4},"end":{"line":109,"column":6}},"48":{"start":{"line":105,"column":6},"end":{"line":107,"column":7}},"49":{"start":{"line":106,"column":8},"end":{"line":106,"column":21}},"50":{"start":{"line":108,"column":6},"end":{"line":108,"column":23}},"51":{"start":{"line":114,"column":2},"end":{"line":123,"column":4}},"52":{"start":{"line":115,"column":4},"end":{"line":122,"column":5}},"53":{"start":{"line":116,"column":6},"end":{"line":121,"column":8}},"54":{"start":{"line":117,"column":8},"end":{"line":119,"column":9}},"55":{"start":{"line":118,"column":10},"end":{"line":118,"column":23}},"56":{"start":{"li
[...]
ons":[{"start":{"line":16,"column":27},"end":{"line":16,"column":56}},{"start":{"line":16,"column":60},"end":{"line":16,"column":70}}],"line":16},"2":{"loc":{"start":{"line":17,"column":15},"end":{"line":17,"column":46}},"type":"binary-expr","locations":[{"start":{"line":17,"column":15},"end":{"line":17,"column":34}},{"start":{"line":17,"column":38},"end":{"line":17,"column":46}}],"line":17},"3":{"loc":{"start":{"line":20,"column":36},"end":{"line":20,"column":45}},"type":"default-arg","locations":[{"start":{"line":20,"column":43},"end":{"line":20,"column":45}}],"line":20},"4":{"loc":{"start":{"line":66,"column":4},"end":{"line":70,"column":5}},"type":"if","locations":[{"start":{"line":66,"column":4},"end":{"line":70,"column":5}},{"start":{"line":66,"column":4},"end":{"line":70,"column":5}}],"line":66}},"s":{"0":1,"1":1,"2":1,"3":1,"4":1,"5":1,"6":1,"7":1,"8":1,"9":1,"10":1,"11":1,"12":1,"13":1,"14":5,"15":5,"16":5,"17":5,"18":5,"19":5,"20":5,"21":5,"22":5,"23":5,"24":5,"25":0,"26":1,"27":5,"28":5,"29":1,"30":2,"31":1,"32":1,"33":5,"34":5,"35":4,"36":1,"37":1},"f":{"0":5,"1":5,"2":2,"3":5},"b":{"0":[1,0],"1":[1,0],"2":[1,0],"3":[5],"4":[4,1]},"_coverageSchema":"43e27e138ebf9cfc5966b082cf9a028302ed4184","hash":"2f351ce8d5348bef7b029b48a852c09e7c752a93","contentHash":"418f446e5b5edaeb4535d095cd8793472edc3726caf8d2d2b92aee0349b3c11f"},"C:\\WWWR00T\\test\\pre-experto\\backend\\src\\routes\\auth\\refresh.js":{"path":"C:\\WWWR00T\\test\\pre-experto\\backend\\src\\routes\\auth\\refresh.js","statementMap":{"0":{"start":{"line":5,"column":15},"end":{"line":5,"column":36}},"1":{"start":{"line":6,"column":40},"end":{"line":6,"column":69}},"2":{"start":{"line":7,"column":15},"end":{"line":7,"column":46}},"3":{"start":{"line":8,"column":16},"end":{"line":8,"column":44}},"4":{"start":{"line":9,"column":17},"end":{"line":9,"column":46}},"5":{"start":{"line":10,"column":17},"end":{"line":10,"column":50}},"6":{"start":{"line":12,"column":15},"end":{"line":12,"column":27}},"7":{"start":{"line":14,"column":0},"end":{"line":32,"column":2}},"8":{"start":{"line":15,"column":16},"end":{"line":15,"column":66}},"9":{"start":{"line":16,"column":2},"end":{"line":31,"column":3}},"10":{"start":{"line":17,"column":4},"end":{"line":17,"column":31}},"11":{"start":{"line":18,"column":17},"end":{"line":18,"column":49}},"12":{"start":{"line":19,"column":4},"end":{"line":27,"column":5}},"13":{"start":{"line":20,"column":6},"end":{"line":20,"column":55}},"14":{"start":{"line":21,"column":23},"end":{"line":21,"column":42}},"15":{"start":{"line":22,"column":19},"end":{"line":22,"column":49}},"16":{"start":{"line":23,"column":6},"end":{"line":23,"column":53}},"17":{"start":{"line":25,"column":6},"end":{"line":25,"column":48}},"18":{"start":{"line":26,"column":6},"end":{"line":26,"column":92}},"19":{"start":{"line":29,"column":4},"end":{"line":29,"column":59}},"20":{"start":{"line":30,"column":4},"end":{"line":30,"column":92}},"21":{"start":{"line":34,"column":0},"end":{"line":34,"column":23}}},"fnMap":{"0":{"name":"(anonymous_0)","decl":{"start":{"line":14,"column":17},"end":{"line":14,"column":18}},"loc":{"start":{"line":14,"column":38},"end":{"line":32,"column":1}},"line":14}},"branchMap":{"0":{"loc":{"start":{"line":16,"column":2},"end":{"line":31,"column":3}},"type":"if","locations":[{"start":{"line":16,"column":2},"end":{"line":31,"column":3}},{"start":{"line":16,"column":2},"end":{"line":31,"column":3}}],"line":16},"1":{"loc":{"start":{"line":19,"column":4},"end":{"line":27,"column":5}},"type":"if","locations":[{"start":{"line":19,"column":4},"end":{"line":27,"column":5}},{"start":{"line":19,"column":4},"end":{"line":27,"column":5}}],"line":19}},"s":{"0":1,"1":1,"2":1,"3":1,"4":1,"5":1,"6":1,"7":1,"8":3,"9":3,"10":2,"11":2,"12":2,"13":1,"14":1,"15":1,"16":1,"17":1,"18":1,"19":1,"20":1,"21":1},"f":{"0":3},"b":{"0":[2,1],"1":[1,1]},"_coverageSchema":"43e27e138ebf9cfc5966b082cf9a028302ed4184","hash":"5c005f27677ef4a123f6889b548125e85057f1db","contentHash":"81b0b38085fa939305de44a54f4b132139dcf9597ec0b376a84e760de0c71ae3"},"C:\\WWWR00T\\test\\pre-experto\\backend\\src\\routes\\private\\logout.js":{"path":"C:\\WWWR00T\\test\\pre-experto\\backend\\src\\routes\\private\\logout.js","statementMap":{"0":{"start":{"line":5,"column":15},"end":{"line":5,"column":36}},"1":{"start":{"line":6,"column":13},"end":{"line":6,"column":34}},"2":{"start":{"line":7,"column":16},"end":{"line":7,"column":44}},"3":{"start":{"line":8,"column":17},"end":{"line":8,"column":46}},"4":{"start":{"line":9,"column":15},"end":{"line":9,"column":46}},"5":{"start":{"line":10,"column":17},"end":{"line":10,"column":50}},"6":{"start":{"line":12,"column":15},"end":{"line":12,"column":27}},"7":{"start":{"line":13,"column":0},"end":{"line":24,"column":2}},"8":{"start":{"line":14,"column":17},"end":{"line":14,"column":48}},"9":{"start":{"line":15,"column":15},"end":{"line":15,"column":40}},"10":{"start":{"line":16,"column":2},"end":{"line":23,"column":3}},"11":{"start":{"line":17,"column":4},"end":{"line":17,"column":33}},"12":{"start":{"line":19,"column":4},"end":{"line":19,"column":46}},"13":{"start":{"line":20,"column":4},"end":{"line":20,"column":47}},"14":{"start":{"line":22,"column":4},"end":{"line":22,"column":70}},"15":{"start":{"line":26,"column":0},"end":{"line":26,"column":23}}},"fnMap":{"0":{"name":"(anonymous_0)","decl":{"start":{"line":13,"column":16},"end":{"line":13,"column":17}},"loc":{"start":{"line":13,"column":31},"end":{"line":24,"column":1}},"line":13}},"branchMap":{"0":{"loc":{"start":{"line":16,"column":2},"end":{"line":23,"column":3}},"type":"if","locations":[{"start":{"line":16,"column":2},"end":{"line":23,"column":3}},{"start":{"line":16,"column":2},"end":{"line":23,"column":3}}],"line":16}},"s":{"0":1,"1":1,"2":1,"3":1,"4":1,"5":1,"6":1,"7":1,"8":1,"9":1,"10":1,"11":0,"12":1,"13":1,"14":1,"15":1},"f":{"0":1},"b":{"0":[0,1]},"_coverageSchema":"43e27e138ebf9cfc5966b082cf9a028302ed4184","hash":"3cef27a67a8793459b1d16ff58189f83ae6824e4","contentHash":"69f95471873cd2e8dfe3b587e5e3c8695046084ed04de219f8a5f67327f7d76a"},"C:\\WWWR00T\\test\\pre-experto\\backend\\src\\routes\\api\\rooms.js":{"path":"C:\\WWWR00T\\test\\pre-experto\\backend\\src\\routes\\api\\rooms.js","statementMap":{"0":{"start":{"line":5,"column":15},"end":{"line":5,"column":36}},"1":{"start":{"line":6,"column":14},"end":{"line":6,"column":36}},"2":{"start":{"line":7,"column":13},"end":{"line":7,"column":34}},"3":{"start":{"line":8,"column":15},"end":{"line":8,"column":27}},"4":{"start":{"line":9,"column":13},"end":{"line":9,"column":31}},"5":{"start":{"line":10,"column":16},"end":{"line":10,"column":44}},"6":{"start":{"line":11,"column":17},"end":{"line":11,"column":50}},"7":{"start":{"line":12,"column":15},"end":{"line":12,"column":46}},"8":{"start":{"line":13,"column":17},"end":{"line":13,"column":37}},"9":{"start":{"line":15,"column":0},"end":{"line":25,"column":2}},"10":{"start":{"line":16,"column":17},"end":{"line":16,"column":48}},"11":{"start":{"line":17,"column":16},"end":{"line":17,"column":35}},"12":{"start":{"line":18,"column":15},"end":{"line":18,"column":58}},"13":{"start":{"line":18,"column":33},"end":{"line":18,"column":57}},"14":{"start":{"line":19,"column":15},"end":{"line":23,"column":3}},"15":{"start":{"line":24,"column":2},"end":{"line":24,"column":39}},"16":{"start":{"line":27,"column":0},"end":{"line":37,"column":2}},"17":{"start":{"line":28,"column":17},"end":{"line":28,"column":48}},"18":{"start":{"line":29,"column":15},"end":{"line":29,"column":48}},"19":{"start":{"line":30,"column":2},"end":{"line":32,"column":3}},"20":{"start":{"line":31,"column":4},"end":{"line":31,"column":33}},"21":{"start":{"line":33,"column":2},"end":{"line":35,"column":3}},"22":{"start":{"line":34,"column":4},"end":{"line":34,"column":34}},"23":{"start":{"line":36,"column":2},"end":{"line":36,"column":33}},"24":{"start":{"line":39,"column":0},"end":{"line":61,"column":2}},"25":{"start":{"line":40,"column":17},"end":{"line":40,"column":48}},"26":{"start":{"line":41,"column":19},"end":{"line":41,"column":48}},"27":{"start":{"line":42,"column":2},"end":{"line":60,"column":3}},"28":{"start":{"line":43,"column":19},"end":{"line":43,"column":97}},"29":{"start":{"line":44,"column":4},"end":{"line":44,"column":31}},"30":{"start":{"line":45,"column":4},"end":{"line":45,"column":35}},"31":{"start":{"line":46,"column":4},"end":{"line":46,"column":33}},"32":{"start":{"line":47,"column":4},"end":{"line":47,"column":32}},"33":{"start":{"line":48,"column":4},"end":{"line":48,"column":29}},"34":{"start":{"line":49,"column":23},"end":{"line":49,"column":48}},"35":{"start":{"line":50,"column":4},"end":{"line":56,"column":5}},"36":{"start":{"line":51,"column":23},"end":{"line":51,"column":51}},"37":{"start":{"line":52,"column":6},"end":{"line":52,"column":17}},"38":{"start":{"line":53,"column":6},"end":{"line":53,"column":63}},"39":{"start":{"line":55,"column":6},"end":{"line":55,"column":49}},"40":{"start":{"line":58,"column":4},"end":{"line":58,"column":23}},"41":{"start":{"line":59,"column":4},"end":{"line":59,"column":45}},"42":{"start":{"line":63,"column":0},"end":{"line":88,"column":2}},"43":{"start":{"line":64,"column":17},"end":{"line":64,"column":48}},"44":{"start":{"line":65,"column":2},"end":{"line":87,"column":3}},"45":{"start":{"line":66,"column":17},"end":{"line":66,"column":50}},"46":{"start":{"line":67,"column":4},"end":{"line":69,"column":5}},"47":{"start":{"line":68,"column":6},"end":{"line":68,"column":35}},"48":{"start":{"line":70,"column":4},"end":{"line":72,"column":5}},"49":{"start":{"line":71,"column":6},"end":{"line":71,"column":36}},"50":{"start":{"line":73,"column":19},"end":{"line":73,"column":97}},"51":{"start":{"line":74,"column":21},"end":{"line":74,"column":43}},"52":{"start":{"line":76,"column":23},"end":{"line":76,"column":50}},"53":{"start":{"line":77,"column":4},"end":{"line":83,"column":5}},"54":{"start":{"line":78,"column":6},"end":{"line":78,"column":36}},"55":{"start":{"line":79,"column":6},"end":{"line":79,"column":17}},"56":{"start":{"line":80,"column":6},"end":{"line":80,"column":65}},"57":{"start":{"line":82,"column":6},"end":{"line":82,"column":49}},"58":{"start":{"line":85,"column":4},"end":{"line":85,"column":23}},"59":{"start":{"line":86,"column":4},"end":{"line":86,"column":45}},"60":{"start":{"line":90,"column":0},"end":{"line":107,"column":2}},"61":{"start":{"line":91,"column":17},"end":{"line":91,"column":48}},"62":{"start":{"line":92,"column":2},"end":{"line":106,"column":3}},"63":{"start":{"line":93,"column":17},"end":{"line":93,"column":50}},"64":{"start":{"line":94,"column":4},"end":{"line":96,"column":5}},"65":{"start":{"line":95,"column":6},"end":{"line":95,"column":35}},"66":{"start":{"line":97,"column":4},"end":{"line":99,"column":5}},"67":{"start":{"line":98,"column":6},"end":{"line":98,"column":36}},"68":{"start":{"line":100,"column":4},"end":{"line":100,"column":41}},"69":{"start":{"line":101,"column":4},"end":{"line":101,"column":15}},"70":{"start":{"line":102,"column":4},"end":{"line":102,"column":51}},"71":{"start":{"line":104,"column":4},"end":{"line":104,"column":23}},"72":{"start":{"line":105,"column":4},"end":{"line":105,"column":45}},"73":{"start":{"line":109,"column":0},"end":{"line":109,"column":23}}},"fnMap":{"0":{"name":"(anonymous_0)","decl":{"start":{"line":15,"column":16},"end":{"line":15,"column":17}},"loc":{"start":{"line":15,"column":37},"end":{"line":25,"column":1}},"line":15},"1":{"name":"(anonymous_1)","decl":{"start":{"line":18,"column":28},"end":{"line":18,"column":29}},"loc":{"start":{"line":18,"column":33},"end":{"line":18,"column":57}},"line":18},"2":{"name":"(anonymous_2)","decl":{"start":{"line":27,"column":20},"end":{"line":27,"column":21}},"loc":{"start":{"line":27,"column":33},"end":{"line":37,"column":1}},"line":27},"3":{"name":"(anonymous_3)","decl":{"start":{"line":39,"column":17},"end":{"line":39,"column":18}},"loc":{"start":{"line":39,"column":30},"end":{"line":61,"column":1}},"line":39},"4":{"name":"(anonymous_4)","decl":{"start":{"line":63,"column":20},"end":{"line":63,"column":21}},"loc":{"start":{"line":63,"column":33},"end":{"line":88,"column":1}},"line":63},"5":{"name":"(anonymous_5)","decl":{"start":{"line":90,"column":23},"end":{"line":90,"column":24}},"loc":{"start":{"line":90,"column":36},"end":{"line":107,"column":1}},"line":90}},"branchMap":{"0":{"loc":{"start":{"line":30,"column":2},"end":{"line":32,"column":3}},"type":"if","locations":[{"start":{"line":30,"column":2},"end":{"line":32,"column":3}},{"start":{"line":30,"column":2},"end":{"line":32,"column":3}}],"line":30},"1":{"loc":{"start":{"line":33,"column":2},"end":{"line":35,"column":3}},"type":"if","locations":[{"start":{"line":33,"column":2},"end":{"line":35,"column":3}},{"start":{"line":33,"column":2},"end":{"line":35,"column":3}}],"line":33},"2":{"loc":{"start":{"line":50,"column":4},"end":{"line":56,"column":5}},"type":"if","locations":[{"start":{"line":50,"column":4},"end":{"line":56,"column":5}},{"start":{"line":50,"column":4},"end":{"line":56,"column":5}}],"line":50},"3":{"loc":{"start":{"line":67,"column":4},"end":{"line":69,"column":5}},"type":"if","locations":[{"start":{"line":67,"column":4},"end":{"line":69,"column":5}},{"start":{"line":67,"column":4},"end":{"line":69,"column":5}}],"line":67},"4":{"loc":{"start":{"line":70,"column":4},"end":{"line":72,"column":5}},"type":"if","locations":[{"start":{"line":70,"column":4},"end":{"line":72,"column":5}},{"start":{"line":70,"column":4},"end":{"line":72,"column":5}}],"line":70},"5":{"loc":{"start":{"line":77,"column":4},"end":{"line":83,"column":5}},"type":"if","locations":[{"start":{"line":77,"column":4},"end":{"line":83,"column":5}},{"start":{"line":77,"column":4},"end":{"line":83,"column":5}}],"line":77},"6":{"loc":{"start":{"line":94,"column":4},"end":{"line":96,"column":5}},"type":"if","locations":[{"start":{"line":94,"column":4},"end":{"line":96,"column":5}},{"start":{"line":94,"column":4},"end":{"line":96,"column":5}}],"line":94},"7":{"loc":{"start":{"line":97,"column":4},"end":{"line":99,"column":5}},"type":"if","locations":[{"start":{"line":97,"column":4},"end":{"line":99,"column":5}},{"start":{"line":97,"column":4},"end":{"line":99,"column":5}}],"line":97}},"s":{"0":1,"1":1,"2":1,"3":1,"4":1,"5":1,"6":1,"7":1,"8":1,"9":1,"10":2,"11":2,"12":2,"13":5,"14":2,"15":2,"16":1,"17":2,"18":2,"19":2,"20":0,"21":2,"22":0,"23":2,"24":1,"25":1,"26":1,"27":1,"28":1,"29":1,"30":1,"31":1,"32":1,"33":1,"34":1,"35":1,"36":1,"37":1,"38":1,"39":0,"40":0,"41":0,"42":1,"43":1,"44":1,"45":1,"46":1,"47":0,"48":1,"49":0,"50":1,"51":1,"52":1,"53":1,"54":1,"55":1,"56":1,"57":0,"58":0,"59":0,"60":1,"61":1,"62":1,"63":1,"64":1,"65":0,"66":1,"67":0,"68":1,"69":1,"70":1,"71":0,"72":0,"73":1},"f":{"0":2,"1":5,"2":2,"3":1,"4":1,"5":1},"b":{"0":[0,2],"1":[0,2],"2":[1,0],"3":[0,1],"4":[0,1],"5":[1,0],"6":[0,1],"7":[0,1]},"_coverageSchema":"43e27e138ebf9cfc5966b082cf9a028302ed4184","hash":"71fa9af2d6cf63c67f414b42b648a42a6de40885","contentHash":"3de21e0b828065592a6676dad73de2441bba8e8676494bb00d126b632c8aa461"},"C:\\WWWR00T\\test\\pre-experto\\backend\\src\\classes\\mailer.js":{"path":"C:\\WWWR00T\\test\\pre-experto\\backend\\src\\classes\\mailer.js","statementMap":{"0":{"start":{"line":4,"column":14},"end":{"line":4,"column":40}},"1":{"start":{"line":5,"column":19},"end":{"line":5,"column":40}},"2":{"start":{"line":6,"column":13},"end":{"line":6,"column":28}},"3":{"start":{"line":8,"column":19},"end":{"line":29,"column":1}},"4":{"start":{"line":31,"column":15},"end":{"line":45,"column":2}},"5":{"start":{"line":47,"column":17},"end":{"line":58,"column":1}},"6":{"start":{"line":48,"column":2},"end":{"line":48,"column":54}},"7":{"start":{"line":49,"column":2},"end":{"line":57,"column":4}},"8":{"start":{"line":56,"column":4},"end":{"line":56,"column":44}},"9":{"start":{"line":62,"column":17},"end":{"line":62,"column":28}},"10":{"start":{"line":63,"column":2},"end":{"line":63,"column":55}},"11":{"start":{"line":67,"column":17},"end":{"line":67,"column":43}},"12":{"start":{"line":68,"column":2},"end":{"line":68,"column":47}},"13":{"start":{"line":69,"column":2},"end":{"line":69,"column":37}},"14":{"start":{"line":70,"column":2},"end":{"line":70,"column":62}},"15":{"start":{"line":73,"column":0},"end":{"line":78,"column":1}}},"fnMap":{"0":{"name":"(anonymous_0)","decl":{"start":{"line":47,"column":17},"end":{"line":47,"column":18}},"loc":{"start":{"line":47,"column":56},"end":{"line":58,"column":1}},"line":47},"1":{"name":"(anonymous_1)","decl":{"start":{"line":55,"column":10},"end":{"line":55,"column":11}},"loc":{"start":{"line":55,"column":17},"end":{"line":57,"column":3}},"line":55},"2":{"name":"expertNotificationMessage","decl":{"start":{"line":61,"column":15},"end":{"line":61,"column":40}},"loc":{"start":{"line":61,"column":49},"end":{"line":64,"column":1}},"line":61},"3":{"name":"invitationMessage","decl":{"start":{"line":66,"column":15},"end":{"line":66,"column":32}},"loc":{"start":{"line":66,"column":59},"end":{"line":71,"column":1}},"line":66}},"branchMap":{"0":{"loc":{"start":{"line":12,"column":8},"end":{"line":12,"column":35}},"type":"binary-expr","locations":[{"start":{"line":12,"column":8},"end":{"line":12,"column":29}},{"start":{"line":12,"column":33},"end":{"line":12,"column":35}}],"line":12},"1":{"loc":{"start":{"line":23,"column":18},"end":{"line":23,"column":55}},"type":"binary-expr","locations":[{"start":{"line":23,"column":18},"end":{"line":23,"column":50}},{"start":{"line":23,"column":54},"end":{"line":23,"column":55}}],"line":23},"2":{"loc":{"start":{"line":24,"column":15},"end":{"line":24,"column":51}},"type":"binary-expr","locations":[{"start":{"line":24,"column":15},"end":{"line":24,"column":44}},{"start":{"line":24,"column":48},"end":{"line":24,"column":51}}],"line":24},"3":{"loc":{"start":{"line":25,"column":13},"end":{"line":25,"column":48}},"type":"binary-expr","locations":[{"start":{"line":25,"column":13},"end":{"line":25,"column":40}},{"start":{"line":25,"column":44},"end":{"line":25,"column":48}}],"line":25},"4":{"loc":{"start":{"line":26,"column":13},"end":{"line":26,"column":45}},"type":"binary-expr","locations":[{"start":{"line":26,"column":13},"end":{"line":26,"column":40}},{"start":{"line":26,"column":44},"end":{"line":26,"column":45}}],"line":26},"5":{"loc":{"start":{"line":27,"column":21},"end":{"line":27,"column":76}},"type":"binary-expr","locations":[{"start":{"line":27,"column":21},"end":{"line":27,"column":59}},{"start":{"line":27,"column":63},"end":{"line":27,"column":76}}],"line":27},"6":{"loc":{"start":{"line":27,"column":22},"end":{"line":27,"column":51}},"type":"binary-expr","locations":[{"start":{"line":27,"column":22},"end":{"line":27,"column":46}},{"start":{"line":27,"column":50},"end":{"line":27,"column":51}}],"line":27},"7":{"loc":{"start":{"line":28,"column":19},"end":{"line":28,"column":70}},"type":"binary-expr","locations":[{"start":{"line":28,"column":19},"end":{"line":28,"column":57}},{"start":{"line":28,"column":61},"end":{"line":28,"column":70}}],"line":28},"8":{"loc":{"start":{"line":28,"column":20},"end":{"line":28,"column":49}},"type":"binary-expr","locations":[{"start":{"line":28,"column":20},"end":{"line":28,"column":44}},{"start":{"line":28,"column":48},"end":{"line":28,"column":49}}],"line":28},"9":{"loc":{"start":{"line":48,"column":20},"end":{"line":48,"column":54}},"type":"binary-expr","locations":[{"start":{"line":48,"column":20},"end":{"line":48,"column":40}},{"start":{"line":48,"column":44},"end":{"line":48,"column":54}}],"line":48}},"s":{"0":1,"1":1,"2":1,"3":1,"4":1,"5":1,"6":2,"7":2,"8":2,"9":1,"10":1,"11":1,"12":1,"13":1,"14":1,"15":1},"f":{"0":2,"1":2,"2":1,"3":1},"b":{"0":[1,0],"1":[1,1],"2":[1,1],"3":[1,1],"4":[1,1],"5":[1,1],"6":[1,1],"7":[1,1],"8":[1,1],"9":[2,0]},"_coverageSchema":"43e27e138ebf9cfc5966b082cf9a028302ed4184","hash":"764c7579037fd68041bd073d88bfd0c9986a453c","contentHash":"aca77ed8419e73195ad4fbf2c4cdbe451ef22d0eeede4dd2acc2f9b320bd6fca"}}